#
# There is insufficient memory for the Java Runtime Environment to continue.
# Native memory allocation (malloc) failed to allocate 132880 bytes for Chunk::new
# Possible reasons:
#   The system is out of physical RAM or swap space
#   In 32 bit mode, the process size limit was hit
# Possible solutions:
#   Reduce memory load on the system
#   Increase physical memory or swap space
#   Check if swap backing store is full
#   Use 64 bit Java on a 64 bit OS
#   Decrease Java heap size (-Xmx/-Xms)
#   Decrease number of Java threads
#   Decrease Java thread stack sizes (-Xss)
#   Set larger code cache with -XX:ReservedCodeCacheSize=
# This output file may be truncated or incomplete.
#
#  Out of Memory Error (allocation.cpp:390), pid=8876, tid=0x0000000000001f54
#
# JRE version: Java(TM) SE Runtime Environment (8.0_101-b13) (build 1.8.0_101-b13)
# Java VM: Java HotSpot(TM) 64-Bit Server VM (25.101-b13 mixed mode windows-amd64 compressed oops)
# Failed to write core dump. Minidumps are not enabled by default on client versions of Windows
#

---------------  T H R E A D  ---------------

Current thread (0x00000000154f9800):  JavaThread "C2 CompilerThread2" daemon [_thread_in_native, id=8020, stack(0x0000000017da0000,0x0000000017ea0000)]

Stack: [0x0000000017da0000,0x0000000017ea0000]
[error occurred during error reporting (printing stack bounds), id 0xc0000005]

Native frames: (J=compiled Java code, j=interpreted, Vv=VM code, C=native code)


Current CompileTask:
C2:   2214  770   !   4       com.android.dx.rop.code.RegisterSpec::intern (70 bytes)


---------------  P R O C E S S  ---------------

Java Threads: ( => current thread )
  0x0000000017758000 JavaThread "pool-1-thread-4" [_thread_in_Java, id=5200, stack(0x0000000018da0000,0x0000000018ea0000)]
  0x0000000017774800 JavaThread "pool-1-thread-3" [_thread_in_native, id=8272, stack(0x0000000018ca0000,0x0000000018da0000)]
  0x000000001772e800 JavaThread "pool-1-thread-2" [_thread_in_Java, id=10224, stack(0x0000000018ba0000,0x0000000018ca0000)]
  0x00000000176a9000 JavaThread "pool-2-thread-1" [_thread_blocked, id=8500, stack(0x0000000018aa0000,0x0000000018ba0000)]
  0x00000000176a4800 JavaThread "pool-1-thread-1" [_thread_in_Java, id=8584, stack(0x00000000189a0000,0x0000000018aa0000)]
  0x000000001749b800 JavaThread "Service Thread" daemon [_thread_blocked, id=8948, stack(0x0000000017fa0000,0x00000000180a0000)]
  0x00000000154fd000 JavaThread "C1 CompilerThread3" daemon [_thread_in_native, id=2404, stack(0x0000000017ea0000,0x0000000017fa0000)]
=>0x00000000154f9800 JavaThread "C2 CompilerThread2" daemon [_thread_in_native, id=8020, stack(0x0000000017da0000,0x0000000017ea0000)]
  0x00000000173f4800 JavaThread "C2 CompilerThread1" daemon [_thread_in_native, id=3392, stack(0x0000000017ca0000,0x0000000017da0000)]
  0x00000000173f0800 JavaThread "C2 CompilerThread0" daemon [_thread_in_native, id=3388, stack(0x0000000017ba0000,0x0000000017ca0000)]
  0x00000000173ee000 JavaThread "Attach Listener" daemon [_thread_blocked, id=8884, stack(0x0000000017aa0000,0x0000000017ba0000)]
  0x00000000173ea800 JavaThread "Signal Dispatcher" daemon [_thread_blocked, id=3880, stack(0x00000000179a0000,0x0000000017aa0000)]
  0x00000000173e0800 JavaThread "Finalizer" daemon [_thread_blocked, id=10164, stack(0x00000000177c0000,0x00000000178c0000)]
  0x0000000001544000 JavaThread "Reference Handler" daemon [_thread_blocked, id=4756, stack(0x00000000172c0000,0x00000000173c0000)]
  0x0000000001453000 JavaThread "main" [_thread_in_Java, id=3276, stack(0x00000000012d0000,0x00000000013d0000)]

Other Threads:
  0x00000000154e9800 VMThread [stack: 0x00000000171c0000,0x00000000172c0000] [id=5188]
  0x0000000017452000 WatcherThread [stack: 0x00000000180a0000,0x00000000181a0000] [id=8052]

VM state:not at safepoint (normal execution)

VM Mutex/Monitor currently owned by a thread: None

Heap:
 PSYoungGen      total 37888K, used 27412K [0x00000000eab00000, 0x00000000ed500000, 0x0000000100000000)
  eden space 32768K, 69% used [0x00000000eab00000,0x00000000ec12b1f0,0x00000000ecb00000)
  from space 5120K, 99% used [0x00000000ecb00000,0x00000000ecff9248,0x00000000ed000000)
  to   space 5120K, 0% used [0x00000000ed000000,0x00000000ed000000,0x00000000ed500000)
 ParOldGen       total 86016K, used 1386K [0x00000000c0000000, 0x00000000c5400000, 0x00000000eab00000)
  object space 86016K, 1% used [0x00000000c0000000,0x00000000c015a870,0x00000000c5400000)
 Metaspace       used 5774K, capacity 6832K, committed 7040K, reserved 1056768K
  class space    used 590K, capacity 616K, committed 640K, reserved 1048576K

Card table byte_map: [0x0000000001910000,0x0000000001b20000] byte_map_base: 0x0000000001310000

Marking Bits: (ParMarkBitMap*) 0x0000000073f8a6d0
 Begin Bits: [0x0000000012900000, 0x0000000013900000)
 End Bits:   [0x0000000013900000, 0x0000000014900000)

Polling page: 0x0000000000d50000

CodeCache: size=245760Kb used=3398Kb max_used=3398Kb free=242361Kb
 bounds [0x0000000003400000, 0x0000000003760000, 0x0000000012400000]
 total_blobs=1143 nmethods=880 adapters=176
 compilation: enabled

Compilation events (10 events):
Event: 1.700 Thread 0x00000000154fd000 nmethod 839 0x000000000370ef90 code [0x000000000370f120, 0x000000000370f4d8]
Event: 1.700 Thread 0x00000000154fd000  829       3       com.android.dx.ssa.SsaRenamer::access$900 (6 bytes)
Event: 1.701 Thread 0x00000000154fd000 nmethod 829 0x000000000370b210 code [0x000000000370b380, 0x000000000370b570]
Event: 1.701 Thread 0x00000000154fd000  834       3       com.android.dx.dex.code.RopToDop::dopFor (792 bytes)
Event: 1.708 Thread 0x00000000173f0800 nmethod 816 0x000000000370e550 code [0x000000000370e6c0, 0x000000000370e9c8]
Event: 1.708 Thread 0x00000000173f0800  837       4       com.android.dx.rop.code.RegisterSpecSet::mutableCopy (57 bytes)
Event: 1.709 Thread 0x00000000154fd000 nmethod 834 0x0000000003718b50 code [0x0000000003718fc0, 0x000000000371c528]
Event: 1.710 Thread 0x00000000154fd000  843       3       com.android.dx.ssa.back.SsaToRop::convertInsns (53 bytes)
Event: 1.710 Thread 0x00000000173f4800 nmethod 808 0x0000000003713b10 code [0x0000000003713cc0, 0x0000000003714658]
Event: 1.710 Thread 0x00000000173f4800  844       4       com.android.dx.util.BitIntSet::add (15 bytes)

GC Heap History (0 events):
No events

Deoptimization events (6 events):
Event: 0.554 Thread 0x0000000001453000 Uncommon trap: reason=unstable_if action=reinterpret pc=0x0000000003551354 method=java.lang.String.compareTo(Ljava/lang/String;)I @ 38
Event: 1.267 Thread 0x000000001772e800 Uncommon trap: reason=unstable_if action=reinterpret pc=0x00000000035fb85c method=java.util.HashMap.getNode(ILjava/lang/Object;)Ljava/util/HashMap$Node; @ 129
Event: 1.577 Thread 0x0000000001453000 Uncommon trap: reason=class_check action=maybe_recompile pc=0x0000000003685730 method=com.android.dx.ssa.NormalSsaInsn.accept(Lcom/android/dx/ssa/SsaInsn$Visitor;)V @ 9
Event: 1.695 Thread 0x0000000001453000 Uncommon trap: reason=class_check action=maybe_recompile pc=0x0000000003685730 method=com.android.dx.ssa.NormalSsaInsn.accept(Lcom/android/dx/ssa/SsaInsn$Visitor;)V @ 9
Event: 1.695 Thread 0x0000000001453000 Uncommon trap: reason=class_check action=maybe_recompile pc=0x000000000364f670 method=com.android.dx.ssa.NormalSsaInsn.accept(Lcom/android/dx/ssa/SsaInsn$Visitor;)V @ 9
Event: 1.695 Thread 0x0000000001453000 Uncommon trap: reason=class_check action=maybe_recompile pc=0x000000000364f670 method=com.android.dx.ssa.NormalSsaInsn.accept(Lcom/android/dx/ssa/SsaInsn$Visitor;)V @ 9

Internal exceptions (2 events):
Event: 0.108 Thread 0x0000000001453000 Exception <a 'java/lang/NoSuchMethodError': Method sun.misc.Unsafe.defineClass(Ljava/lang/String;[BII)Ljava/lang/Class; name or signature does not match> (0x00000000eab07cc0) thrown at [C:\re\workspace\8-2-build-windows-amd64-cygwin\jdk8u101\7261\hotspot\sÆsÓfùª?
Event: 0.108 Thread 0x0000000001453000 Exception <a 'java/lang/NoSuchMethodError': Method sun.misc.Unsafe.prefetchRead(Ljava/lang/Object;J)V name or signature does not match> (0x00000000eab07fa8) thrown at [C:\re\workspace\8-2-build-windows-amd64-cygwin\jdk8u101\7261\hotspot\src\share\vm\prims\

Events (10 events):
Event: 1.695 Thread 0x0000000001453000 DEOPT PACKING pc=0x0000000003685730 sp=0x00000000013ce5f0
Event: 1.695 Thread 0x0000000001453000 DEOPT UNPACKING pc=0x000000000344582a sp=0x00000000013ce530 mode 2
Event: 1.695 Thread 0x0000000001453000 Uncommon trap: trap_request=0xffffffde fr.pc=0x000000000364f670
Event: 1.695 Thread 0x0000000001453000 DEOPT PACKING pc=0x000000000364f670 sp=0x00000000013ce580
Event: 1.695 Thread 0x0000000001453000 DEOPT UNPACKING pc=0x000000000344582a sp=0x00000000013ce520 mode 2
Event: 1.695 Thread 0x0000000001453000 Uncommon trap: trap_request=0xffffffde fr.pc=0x000000000364f670
Event: 1.695 Thread 0x0000000001453000 DEOPT PACKING pc=0x000000000364f670 sp=0x00000000013ce580
Event: 1.696 Thread 0x0000000001453000 DEOPT UNPACKING pc=0x000000000344582a sp=0x00000000013ce520 mode 2
Event: 1.702 loading class com/android/dx/cf/attrib/AttExceptions
Event: 1.702 loading class com/android/dx/cf/attrib/AttExceptions done


Dynamic libraries:
0x00007ff670340000 - 0x00007ff670377000 	C:\Program Files\Java\jdk1.8.0_101\bin\java.exe
0x00007ffc46ec0000 - 0x00007ffc4706d000 	C:\Windows\SYSTEM32\ntdll.dll
0x00007ffc44540000 - 0x00007ffc4467e000 	C:\Windows\system32\KERNEL32.DLL
0x00007ffc441e0000 - 0x00007ffc442f5000 	C:\Windows\system32\KERNELBASE.dll
0x00007ffc42c70000 - 0x00007ffc42cfe000 	C:\Windows\system32\apphelp.dll
0x00007ffc3a7d0000 - 0x00007ffc3a823000 	C:\Windows\AppPatch\AppPatch64\AcGenral.DLL
0x00007ffc44730000 - 0x00007ffc447da000 	C:\Windows\system32\msvcrt.dll
0x00007ffc441b0000 - 0x00007ffc441de000 	C:\Windows\system32\SspiCli.dll
0x00007ffc468f0000 - 0x00007ffc46944000 	C:\Windows\system32\SHLWAPI.dll
0x00007ffc44b60000 - 0x00007ffc44cd7000 	C:\Windows\system32\USER32.dll
0x00007ffc46a10000 - 0x00007ffc46ba4000 	C:\Windows\system32\ole32.dll
0x00007ffc450c0000 - 0x00007ffc465e8000 	C:\Windows\system32\SHELL32.dll
0x00007ffc43610000 - 0x00007ffc43631000 	C:\Windows\SYSTEM32\USERENV.dll
0x00007ffc44680000 - 0x00007ffc4472a000 	C:\Windows\system32\ADVAPI32.dll
0x00007ffc3b470000 - 0x00007ffc3b48e000 	C:\Windows\SYSTEM32\MPR.dll
0x00007ffc46750000 - 0x00007ffc46890000 	C:\Windows\system32\RPCRT4.dll
0x00007ffc46d90000 - 0x00007ffc46de9000 	C:\Windows\SYSTEM32\sechost.dll
0x00007ffc44cf0000 - 0x00007ffc44f01000 	C:\Windows\SYSTEM32\combase.dll
0x00007ffc44f10000 - 0x00007ffc4505f000 	C:\Windows\system32\GDI32.dll
0x00007ffc43fe0000 - 0x00007ffc43ff5000 	C:\Windows\SYSTEM32\profapi.dll
0x00007ffc42620000 - 0x00007ffc426d2000 	C:\Windows\SYSTEM32\SHCORE.dll
0x00007ffc46e10000 - 0x00007ffc46e46000 	C:\Windows\system32\IMM32.DLL
0x00007ffc465f0000 - 0x00007ffc46742000 	C:\Windows\system32\MSCTF.dll
0x00007ffc421a0000 - 0x00007ffc4241b000 	C:\Windows\WinSxS\amd64_microsoft.windows.common-controls_6595b64144ccf1df_6.0.9600.18006_none_623f33d3ecbe86e8\COMCTL32.dll
0x0000000073360000 - 0x0000000073432000 	C:\Program Files\Java\jdk1.8.0_101\jre\bin\msvcr100.dll
0x0000000073770000 - 0x000000007400a000 	C:\Program Files\Java\jdk1.8.0_101\jre\bin\server\jvm.dll
0x00007ffc420a0000 - 0x00007ffc420a9000 	C:\Windows\SYSTEM32\WSOCK32.dll
0x00007ffc41940000 - 0x00007ffc41962000 	C:\Windows\SYSTEM32\WINMM.dll
0x00007ffc41f20000 - 0x00007ffc41f2a000 	C:\Windows\SYSTEM32\VERSION.dll
0x00007ffc44a90000 - 0x00007ffc44a97000 	C:\Windows\system32\PSAPI.DLL
0x00007ffc46890000 - 0x00007ffc468ea000 	C:\Windows\system32\WS2_32.dll
0x00007ffc417f0000 - 0x00007ffc4181a000 	C:\Windows\SYSTEM32\WINMMBASE.dll
0x00007ffc44ce0000 - 0x00007ffc44ce9000 	C:\Windows\system32\NSI.dll
0x00007ffc440b0000 - 0x00007ffc440ff000 	C:\Windows\SYSTEM32\cfgmgr32.dll
0x00007ffc42ec0000 - 0x00007ffc42ee8000 	C:\Windows\SYSTEM32\DEVOBJ.dll
0x0000000074470000 - 0x000000007447f000 	C:\Program Files\Java\jdk1.8.0_101\jre\bin\verify.dll
0x0000000074440000 - 0x0000000074469000 	C:\Program Files\Java\jdk1.8.0_101\jre\bin\java.dll
0x0000000074420000 - 0x0000000074436000 	C:\Program Files\Java\jdk1.8.0_101\jre\bin\zip.dll

VM Arguments:
jvm_args: -Djava.awt.headless=true -Xmx1024M -Dfile.encoding=windows-1251 -Duser.country=RU -Duser.language=ru -Duser.variant 
java_command: com.android.dx.command.Main --dex --force-jumbo --num-threads=4 --output C:\Users\Brom\.AndroidStudio2.1\APIvk\app\build\intermediates\pre-dexed\debug\com.vk-androidsdk-1.6.8_0b317d18cb1fcdc7137f5a799308c3a71122bae9.jar C:\Users\Brom\.AndroidStudio2.1\APIvk\app\build\intermediates\exploded-aar\com.vk\androidsdk\1.6.8\jars\classes.jar
java_class_path (initial): D:\android\sdk\build-tools\24.0.2\lib\dx.jar
Launcher Type: SUN_STANDARD

Environment Variables:
JAVA_HOME=C:\Program Files\Java\jdk1.8.0_101
CLASSPATH=C:\Program Files\Java\javamail-1.4.7\mail.jar;
PATH=C:\ProgramData\Oracle\Java\javapath;C:\Windows\system32;C:\Windows;C:\Windows\System32\Wbem;C:\Windows\System32\WindowsPowerShell\v1.0\;C:\Program Files (x86)\NVIDIA Corporation\PhysX\Common;C:\Program Files (x86)\Windows Kits\8.1\Windows Performance Toolkit\;C:\Program Files\Microsoft SQL Server\110\Tools\Binn\;C:\Program Files (x86)\Skype\Phone\;D:\Program Files\New Folder\;D:\Program Files\mat\runtime\win64;D:\Program Files\mat\bin;D:\Program Files\mat\polyspace\bin;C:\Program Files\Microsoft SQL Server\Client SDK\ODBC\110\Tools\Binn\;C:\Program Files (x86)\Microsoft SQL Server\120\Tools\Binn\;C:\Program Files\Microsoft SQL Server\120\Tools\Binn\;C:\Program Files\Microsoft SQL Server\120\DTS\Binn\;C:\Program Files (x86)\Microsoft SQL Server\120\Tools\Binn\ManagementStudio\;C:\Program Files (x86)\Microsoft SQL Server\120\DTS\Binn\;D:\Program Files\doxygen\bin;C:\Users\Brom\AppData\Local\Programs\Python\Python35-32\Scripts\;C:\Users\Brom\AppData\Local\Programs\Python\Python35-32\
USERNAME=Brom
OS=Windows_NT
PROCESSOR_IDENTIFIER=Intel64 Family 6 Model 58 Stepping 9, GenuineIntel



---------------  S Y S T E M  ---------------

OS: Windows 8.1 , 64 bit Build 9600 (6.3.9600.17415)

CPU:total 8 (4 cores per cpu, 2 threads per core) family 6 model 58 stepping 9, cmov, cx8, fxsr, mmx, sse, sse2, sse3, ssse3, sse4.1, sse4.2, popcnt, avx, aes, clmul, erms, ht, tsc, tscinvbit, tscinv

Memory: 4k page, physical 8199448k(1204728k free), swap 11345176k(10920k free)

vm_info: Java HotSpot(TM) 64-Bit Server VM (25.101-b13) for windows-amd64 JRE (1.8.0_101-b13), built on Jun 22 2016 01:21:29 by "java_re" with MS VC++ 10.0 (VS2010)

time: Sat Jan 07 03:01:03 2017
elapsed time: 2 seconds (0d 0h 0m 2s)

