#
# There is insufficient memory for the Java Runtime Environment to continue.
# Native memory allocation (malloc) failed to allocate 592160 bytes for Chunk::new
# Possible reasons:
#   The system is out of physical RAM or swap space
#   In 32 bit mode, the process size limit was hit
# Possible solutions:
#   Reduce memory load on the system
#   Increase physical memory or swap space
#   Check if swap backing store is full
#   Use 64 bit Java on a 64 bit OS
#   Decrease Java heap size (-Xmx/-Xms)
#   Decrease number of Java threads
#   Decrease Java thread stack sizes (-Xss)
#   Set larger code cache with -XX:ReservedCodeCacheSize=
# This output file may be truncated or incomplete.
#
#  Out of Memory Error (allocation.cpp:390), pid=8164, tid=0x0000000000001bcc
#
# JRE version: Java(TM) SE Runtime Environment (8.0_101-b13) (build 1.8.0_101-b13)
# Java VM: Java HotSpot(TM) 64-Bit Server VM (25.101-b13 mixed mode windows-amd64 compressed oops)
# Failed to write core dump. Minidumps are not enabled by default on client versions of Windows
#

---------------  T H R E A D  ---------------

Current thread (0x00000000153fb800):  JavaThread "C2 CompilerThread2" daemon [_thread_in_native, id=7116, stack(0x0000000017bd0000,0x0000000017cd0000)]

Stack: [0x0000000017bd0000,0x0000000017cd0000]
[error occurred during error reporting (printing stack bounds), id 0xc0000005]

Native frames: (J=compiled Java code, j=interpreted, Vv=VM code, C=native code)


Current CompileTask:
C2:    888 1089       4       com.android.dx.ssa.SCCP::simulateBranch (666 bytes)


---------------  P R O C E S S  ---------------

Java Threads: ( => current thread )
  0x00000000176ad000 JavaThread "pool-1-thread-4" [_thread_in_vm, id=120, stack(0x0000000018bd0000,0x0000000018cd0000)]
  0x000000001762c000 JavaThread "pool-2-thread-1" [_thread_blocked, id=7236, stack(0x00000000188d0000,0x00000000189d0000)]
  0x000000001731f000 JavaThread "Service Thread" daemon [_thread_blocked, id=6684, stack(0x0000000017dd0000,0x0000000017ed0000)]
  0x0000000017309000 JavaThread "C1 CompilerThread3" daemon [_thread_in_native, id=5652, stack(0x0000000017cd0000,0x0000000017dd0000)]
=>0x00000000153fb800 JavaThread "C2 CompilerThread2" daemon [_thread_in_native, id=7116, stack(0x0000000017bd0000,0x0000000017cd0000)]
  0x0000000017306800 JavaThread "C2 CompilerThread1" daemon [_thread_in_native, id=5932, stack(0x0000000017ad0000,0x0000000017bd0000)]
  0x00000000172ff000 JavaThread "C2 CompilerThread0" daemon [_thread_in_native, id=10040, stack(0x00000000179d0000,0x0000000017ad0000)]
  0x00000000172fc000 JavaThread "Attach Listener" daemon [_thread_blocked, id=3340, stack(0x00000000178d0000,0x00000000179d0000)]
  0x00000000172fa800 JavaThread "Signal Dispatcher" daemon [_thread_blocked, id=9168, stack(0x00000000177d0000,0x00000000178d0000)]
  0x00000000172f0800 JavaThread "Finalizer" daemon [_thread_blocked, id=6696, stack(0x00000000176d0000,0x00000000177d0000)]
  0x00000000013a4000 JavaThread "Reference Handler" daemon [_thread_blocked, id=2404, stack(0x00000000171d0000,0x00000000172d0000)]
  0x00000000012b3000 JavaThread "main" [_thread_blocked, id=3224, stack(0x00000000010e0000,0x00000000011e0000)]

Other Threads:
  0x00000000153e9800 VMThread [stack: 0x00000000170d0000,0x00000000171d0000] [id=4692]
  0x0000000017323000 WatcherThread [stack: 0x0000000017ed0000,0x0000000017fd0000] [id=7164]

VM state:not at safepoint (normal execution)

VM Mutex/Monitor currently owned by a thread: None

Heap:
 PSYoungGen      total 70656K, used 60047K [0x00000000eab00000, 0x00000000ef500000, 0x0000000100000000)
  eden space 65536K, 83% used [0x00000000eab00000,0x00000000ee0a4fb0,0x00000000eeb00000)
  from space 5120K, 99% used [0x00000000ef000000,0x00000000ef4fef08,0x00000000ef500000)
  to   space 5120K, 0% used [0x00000000eeb00000,0x00000000eeb00000,0x00000000ef000000)
 ParOldGen       total 86016K, used 5481K [0x00000000c0000000, 0x00000000c5400000, 0x00000000eab00000)
  object space 86016K, 6% used [0x00000000c0000000,0x00000000c055a720,0x00000000c5400000)
 Metaspace       used 6136K, capacity 7028K, committed 7296K, reserved 1056768K
  class space    used 603K, capacity 620K, committed 640K, reserved 1048576K

Card table byte_map: [0x0000000001770000,0x0000000001980000] byte_map_base: 0x0000000001170000

Marking Bits: (ParMarkBitMap*) 0x0000000073f8a6d0
 Begin Bits: [0x0000000012800000, 0x0000000013800000)
 End Bits:   [0x0000000013800000, 0x0000000014800000)

Polling page: 0x0000000000b70000

CodeCache: size=245760Kb used=5234Kb max_used=5236Kb free=240525Kb
 bounds [0x0000000003400000, 0x0000000003930000, 0x0000000012400000]
 total_blobs=1700 nmethods=1430 adapters=182
 compilation: enabled

Compilation events (10 events):
Event: 0.872 Thread 0x0000000017309000 nmethod 1485 0x0000000003919050 code [0x00000000039191a0, 0x0000000003919410]
Event: 0.873 Thread 0x00000000172ff000 nmethod 1464 0x0000000003919f10 code [0x000000000391a060, 0x000000000391a198]
Event: 0.874 Thread 0x00000000172ff000 1128   !   4       com.android.dx.cf.code.BytecodeArray::parseInstruction (2764 bytes)
Event: 0.880 Thread 0x0000000017309000 1488       2       com.android.dx.rop.type.Type::isCategory1 (36 bytes)
Event: 0.880 Thread 0x0000000017309000 nmethod 1488 0x0000000003918d10 code [0x0000000003918e60, 0x0000000003918fd0]
Event: 0.881 Thread 0x0000000017309000 1489       2       com.android.dx.dex.file.ClassDefItem::addVirtualMethod (9 bytes)
Event: 0.881 Thread 0x0000000017309000 nmethod 1489 0x0000000003918590 code [0x0000000003918720, 0x0000000003918a58]
Event: 0.881 Thread 0x0000000017309000 1490       2       com.android.dx.dex.file.ClassDataItem::addVirtualMethod (24 bytes)
Event: 0.882 Thread 0x0000000017309000 nmethod 1490 0x000000000391c890 code [0x000000000391ca20, 0x000000000391cd78]
Event: 0.886 Thread 0x0000000017309000 1492 %     3       com.android.dx.cf.code.BasicBlocker::getBlockList @ 21 (208 bytes)

GC Heap History (4 events):
Event: 0.499 GC heap before
{Heap before GC invocations=1 (full 0):
 PSYoungGen      total 37888K, used 32768K [0x00000000eab00000, 0x00000000ed500000, 0x0000000100000000)
  eden space 32768K, 100% used [0x00000000eab00000,0x00000000ecb00000,0x00000000ecb00000)
  from space 5120K, 0% used [0x00000000ed000000,0x00000000ed000000,0x00000000ed500000)
  to   space 5120K, 0% used [0x00000000ecb00000,0x00000000ecb00000,0x00000000ed000000)
 ParOldGen       total 86016K, used 0K [0x00000000c0000000, 0x00000000c5400000, 0x00000000eab00000)
  object space 86016K, 0% used [0x00000000c0000000,0x00000000c0000000,0x00000000c5400000)
 Metaspace       used 5912K, capacity 6834K, committed 7040K, reserved 1056768K
  class space    used 600K, capacity 618K, committed 640K, reserved 1048576K
Event: 0.505 GC heap after
Heap after GC invocations=1 (full 0):
 PSYoungGen      total 37888K, used 5093K [0x00000000eab00000, 0x00000000ef500000, 0x0000000100000000)
  eden space 32768K, 0% used [0x00000000eab00000,0x00000000eab00000,0x00000000ecb00000)
  from space 5120K, 99% used [0x00000000ecb00000,0x00000000ecff9640,0x00000000ed000000)
  to   space 5120K, 0% used [0x00000000ef000000,0x00000000ef000000,0x00000000ef500000)
 ParOldGen       total 86016K, used 1206K [0x00000000c0000000, 0x00000000c5400000, 0x00000000eab00000)
  object space 86016K, 1% used [0x00000000c0000000,0x00000000c012db38,0x00000000c5400000)
 Metaspace       used 5912K, capacity 6834K, committed 7040K, reserved 1056768K
  class space    used 600K, capacity 618K, committed 640K, reserved 1048576K
}
Event: 0.671 GC heap before
{Heap before GC invocations=2 (full 0):
 PSYoungGen      total 37888K, used 37861K [0x00000000eab00000, 0x00000000ef500000, 0x0000000100000000)
  eden space 32768K, 100% used [0x00000000eab00000,0x00000000ecb00000,0x00000000ecb00000)
  from space 5120K, 99% used [0x00000000ecb00000,0x00000000ecff9640,0x00000000ed000000)
  to   space 5120K, 0% used [0x00000000ef000000,0x00000000ef000000,0x00000000ef500000)
 ParOldGen       total 86016K, used 1206K [0x00000000c0000000, 0x00000000c5400000, 0x00000000eab00000)
  object space 86016K, 1% used [0x00000000c0000000,0x00000000c012db38,0x00000000c5400000)
 Metaspace       used 6058K, capacity 6962K, committed 7040K, reserved 1056768K
  class space    used 600K, capacity 618K, committed 640K, reserved 1048576K
Event: 0.681 GC heap after
Heap after GC invocations=2 (full 0):
 PSYoungGen      total 70656K, used 5115K [0x00000000eab00000, 0x00000000ef500000, 0x0000000100000000)
  eden space 65536K, 0% used [0x00000000eab00000,0x00000000eab00000,0x00000000eeb00000)
  from space 5120K, 99% used [0x00000000ef000000,0x00000000ef4fef08,0x00000000ef500000)
  to   space 5120K, 0% used [0x00000000eeb00000,0x00000000eeb00000,0x00000000ef000000)
 ParOldGen       total 86016K, used 5481K [0x00000000c0000000, 0x00000000c5400000, 0x00000000eab00000)
  object space 86016K, 6% used [0x00000000c0000000,0x00000000c055a720,0x00000000c5400000)
 Metaspace       used 6058K, capacity 6962K, committed 7040K, reserved 1056768K
  class space    used 600K, capacity 618K, committed 640K, reserved 1048576K
}

Deoptimization events (6 events):
Event: 0.337 Thread 0x00000000175ba000 Uncommon trap: reason=unstable_if action=reinterpret pc=0x00000000035fca9c method=java.util.HashMap.getNode(ILjava/lang/Object;)Ljava/util/HashMap$Node; @ 129
Event: 0.340 Thread 0x00000000012b3000 Uncommon trap: reason=unstable_if action=reinterpret pc=0x00000000035d6ff8 method=java.lang.String.<init>([CII)V @ 18
Event: 0.358 Thread 0x00000000175ba000 Uncommon trap: reason=unstable_if action=reinterpret pc=0x00000000035f8ff0 method=java.util.BitSet.nextSetBit(I)I @ 87
Event: 0.588 Thread 0x00000000176ad000 Uncommon trap: reason=unstable_if action=reinterpret pc=0x0000000003666590 method=com.android.dx.rop.code.RegisterSpec.equals(ILcom/android/dx/rop/type/TypeBearer;Lcom/android/dx/rop/code/LocalItem;)Z @ 42
Event: 0.625 Thread 0x00000000012b3000 Uncommon trap: reason=unstable_if action=reinterpret pc=0x00000000036368dc method=com.android.dx.rop.cst.Constant.compareTo(Lcom/android/dx/rop/cst/Constant;)I @ 12
Event: 0.786 Thread 0x00000000012b3000 Uncommon trap: reason=unstable_if action=reinterpret pc=0x000000000361fd90 method=java.lang.String.<init>([CII)V @ 18

Internal exceptions (2 events):
Event: 0.034 Thread 0x00000000012b3000 Exception <a 'java/lang/NoSuchMethodError': Method sun.misc.Unsafe.defineClass(Ljava/lang/String;[BII)Ljava/lang/Class; name or signature does not match> (0x00000000eab07cc0) thrown at [C:\re\workspace\8-2-build-windows-amd64-cygwin\jdk8u101\7261\hotspot\syDâ?Ü2¡?
Event: 0.034 Thread 0x00000000012b3000 Exception <a 'java/lang/NoSuchMethodError': Method sun.misc.Unsafe.prefetchRead(Ljava/lang/Object;J)V name or signature does not match> (0x00000000eab07fa8) thrown at [C:\re\workspace\8-2-build-windows-amd64-cygwin\jdk8u101\7261\hotspot\src\share\vm\prims\

Events (10 events):
Event: 0.816 Thread 0x00000000176ad000 DEOPT UNPACKING pc=0x000000000344787f sp=0x0000000018cce840 mode 0
Event: 0.823 Thread 0x00000000175ba000 Thread exited: 0x00000000175ba000
Event: 0.830 Thread 0x0000000017ff0800 DEOPT PACKING pc=0x0000000003867615 sp=0x0000000018acee40
Event: 0.830 Thread 0x0000000017ff0800 DEOPT UNPACKING pc=0x000000000344787f sp=0x0000000018acebd8 mode 0
Event: 0.840 Thread 0x0000000017ff0800 Thread exited: 0x0000000017ff0800
Event: 0.852 Thread 0x00000000176ad000 DEOPT PACKING pc=0x0000000003872aa2 sp=0x0000000018ccebc0
Event: 0.852 Thread 0x00000000176ad000 DEOPT UNPACKING pc=0x000000000344787f sp=0x0000000018ccea08 mode 0
Event: 0.872 Thread 0x0000000017ff4000 Thread exited: 0x0000000017ff4000
Event: 0.882 Thread 0x00000000176ad000 DEOPT PACKING pc=0x000000000380438c sp=0x0000000018ccebc0
Event: 0.882 Thread 0x00000000176ad000 DEOPT UNPACKING pc=0x000000000344787f sp=0x0000000018cce8a0 mode 0


Dynamic libraries:
0x00007ff6ac6b0000 - 0x00007ff6ac6e7000 	C:\Program Files\Java\jdk1.8.0_101\bin\java.exe
0x00007ffc46ec0000 - 0x00007ffc4706d000 	C:\Windows\SYSTEM32\ntdll.dll
0x00007ffc44540000 - 0x00007ffc4467e000 	C:\Windows\system32\KERNEL32.DLL
0x00007ffc441e0000 - 0x00007ffc442f5000 	C:\Windows\system32\KERNELBASE.dll
0x00007ffc42c70000 - 0x00007ffc42cfe000 	C:\Windows\system32\apphelp.dll
0x00007ffc3ccd0000 - 0x00007ffc3cd23000 	C:\Windows\AppPatch\AppPatch64\AcGenral.DLL
0x00007ffc44730000 - 0x00007ffc447da000 	C:\Windows\system32\msvcrt.dll
0x00007ffc441b0000 - 0x00007ffc441de000 	C:\Windows\system32\SspiCli.dll
0x00007ffc468f0000 - 0x00007ffc46944000 	C:\Windows\system32\SHLWAPI.dll
0x00007ffc44b60000 - 0x00007ffc44cd7000 	C:\Windows\system32\USER32.dll
0x00007ffc46a10000 - 0x00007ffc46ba4000 	C:\Windows\system32\ole32.dll
0x00007ffc450c0000 - 0x00007ffc465e8000 	C:\Windows\system32\SHELL32.dll
0x00007ffc43610000 - 0x00007ffc43631000 	C:\Windows\SYSTEM32\USERENV.dll
0x00007ffc44680000 - 0x00007ffc4472a000 	C:\Windows\system32\ADVAPI32.dll
0x00007ffc3b470000 - 0x00007ffc3b48e000 	C:\Windows\SYSTEM32\MPR.dll
0x00007ffc46750000 - 0x00007ffc46890000 	C:\Windows\system32\RPCRT4.dll
0x00007ffc46d90000 - 0x00007ffc46de9000 	C:\Windows\SYSTEM32\sechost.dll
0x00007ffc44cf0000 - 0x00007ffc44f01000 	C:\Windows\SYSTEM32\combase.dll
0x00007ffc44f10000 - 0x00007ffc4505f000 	C:\Windows\system32\GDI32.dll
0x00007ffc43fe0000 - 0x00007ffc43ff5000 	C:\Windows\SYSTEM32\profapi.dll
0x00007ffc42620000 - 0x00007ffc426d2000 	C:\Windows\SYSTEM32\SHCORE.dll
0x00007ffc46e10000 - 0x00007ffc46e46000 	C:\Windows\system32\IMM32.DLL
0x00007ffc465f0000 - 0x00007ffc46742000 	C:\Windows\system32\MSCTF.dll
0x00007ffc421a0000 - 0x00007ffc4241b000 	C:\Windows\WinSxS\amd64_microsoft.windows.common-controls_6595b64144ccf1df_6.0.9600.18006_none_623f33d3ecbe86e8\COMCTL32.dll
0x0000000073360000 - 0x0000000073432000 	C:\Program Files\Java\jdk1.8.0_101\jre\bin\msvcr100.dll
0x0000000073770000 - 0x000000007400a000 	C:\Program Files\Java\jdk1.8.0_101\jre\bin\server\jvm.dll
0x00007ffc40930000 - 0x00007ffc40939000 	C:\Windows\SYSTEM32\WSOCK32.dll
0x00007ffc42000000 - 0x00007ffc42022000 	C:\Windows\SYSTEM32\WINMM.dll
0x00007ffc41f20000 - 0x00007ffc41f2a000 	C:\Windows\SYSTEM32\VERSION.dll
0x00007ffc44a90000 - 0x00007ffc44a97000 	C:\Windows\system32\PSAPI.DLL
0x00007ffc46890000 - 0x00007ffc468ea000 	C:\Windows\system32\WS2_32.dll
0x00007ffc41f60000 - 0x00007ffc41f8a000 	C:\Windows\SYSTEM32\WINMMBASE.dll
0x00007ffc44ce0000 - 0x00007ffc44ce9000 	C:\Windows\system32\NSI.dll
0x00007ffc440b0000 - 0x00007ffc440ff000 	C:\Windows\SYSTEM32\cfgmgr32.dll
0x00007ffc42ec0000 - 0x00007ffc42ee8000 	C:\Windows\SYSTEM32\DEVOBJ.dll
0x0000000074470000 - 0x000000007447f000 	C:\Program Files\Java\jdk1.8.0_101\jre\bin\verify.dll
0x0000000074440000 - 0x0000000074469000 	C:\Program Files\Java\jdk1.8.0_101\jre\bin\java.dll
0x0000000074420000 - 0x0000000074436000 	C:\Program Files\Java\jdk1.8.0_101\jre\bin\zip.dll

VM Arguments:
jvm_args: -Djava.awt.headless=true -Xmx1024M -Dfile.encoding=windows-1251 -Duser.country=RU -Duser.language=ru -Duser.variant 
java_command: com.android.dx.command.Main --dex --force-jumbo --num-threads=4 --output C:\Users\Brom\.AndroidStudio2.1\APIvk\app\build\intermediates\pre-dexed\debug\gson-2.8.0_95996406d78ca48c1f62690893794c80286b8b40.jar C:\Users\Brom\.gradle\caches\modules-2\files-2.1\com.google.code.gson\gson\2.8.0\c4ba5371a29ac9b2ad6129b1d39ea38750043eff\gson-2.8.0.jar
java_class_path (initial): D:\android\sdk\build-tools\24.0.2\lib\dx.jar
Launcher Type: SUN_STANDARD

Environment Variables:
JAVA_HOME=C:\Program Files\Java\jdk1.8.0_101
CLASSPATH=C:\Program Files\Java\javamail-1.4.7\mail.jar;
PATH=C:\ProgramData\Oracle\Java\javapath;C:\Windows\system32;C:\Windows;C:\Windows\System32\Wbem;C:\Windows\System32\WindowsPowerShell\v1.0\;C:\Program Files (x86)\NVIDIA Corporation\PhysX\Common;C:\Program Files (x86)\Windows Kits\8.1\Windows Performance Toolkit\;C:\Program Files\Microsoft SQL Server\110\Tools\Binn\;C:\Program Files (x86)\Skype\Phone\;D:\Program Files\New Folder\;D:\Program Files\mat\runtime\win64;D:\Program Files\mat\bin;D:\Program Files\mat\polyspace\bin;C:\Program Files\Microsoft SQL Server\Client SDK\ODBC\110\Tools\Binn\;C:\Program Files (x86)\Microsoft SQL Server\120\Tools\Binn\;C:\Program Files\Microsoft SQL Server\120\Tools\Binn\;C:\Program Files\Microsoft SQL Server\120\DTS\Binn\;C:\Program Files (x86)\Microsoft SQL Server\120\Tools\Binn\ManagementStudio\;C:\Program Files (x86)\Microsoft SQL Server\120\DTS\Binn\;D:\Program Files\doxygen\bin;C:\Users\Brom\AppData\Local\Programs\Python\Python35-32\Scripts\;C:\Users\Brom\AppData\Local\Programs\Python\Python35-32\
USERNAME=Brom
OS=Windows_NT
PROCESSOR_IDENTIFIER=Intel64 Family 6 Model 58 Stepping 9, GenuineIntel



---------------  S Y S T E M  ---------------

OS: Windows 8.1 , 64 bit Build 9600 (6.3.9600.17415)

CPU:total 8 (4 cores per cpu, 2 threads per core) family 6 model 58 stepping 9, cmov, cx8, fxsr, mmx, sse, sse2, sse3, ssse3, sse4.1, sse4.2, popcnt, avx, aes, clmul, erms, ht, tsc, tscinvbit, tscinv

Memory: 4k page, physical 8199448k(437268k free), swap 11345176k(5668k free)

vm_info: Java HotSpot(TM) 64-Bit Server VM (25.101-b13) for windows-amd64 JRE (1.8.0_101-b13), built on Jun 22 2016 01:21:29 by "java_re" with MS VC++ 10.0 (VS2010)

time: Thu Jan 05 21:06:05 2017
elapsed time: 0 seconds (0d 0h 0m 0s)

