#
# There is insufficient memory for the Java Runtime Environment to continue.
# Native memory allocation (malloc) failed to allocate 754416 bytes for Chunk::new
# Possible reasons:
#   The system is out of physical RAM or swap space
#   In 32 bit mode, the process size limit was hit
# Possible solutions:
#   Reduce memory load on the system
#   Increase physical memory or swap space
#   Check if swap backing store is full
#   Use 64 bit Java on a 64 bit OS
#   Decrease Java heap size (-Xmx/-Xms)
#   Decrease number of Java threads
#   Decrease Java thread stack sizes (-Xss)
#   Set larger code cache with -XX:ReservedCodeCacheSize=
# This output file may be truncated or incomplete.
#
#  Out of Memory Error (allocation.cpp:390), pid=9916, tid=0x0000000000000924
#
# JRE version: Java(TM) SE Runtime Environment (8.0_101-b13) (build 1.8.0_101-b13)
# Java VM: Java HotSpot(TM) 64-Bit Server VM (25.101-b13 mixed mode windows-amd64 compressed oops)
# Failed to write core dump. Minidumps are not enabled by default on client versions of Windows
#

---------------  T H R E A D  ---------------

Current thread (0x0000000017613000):  JavaThread "C2 CompilerThread1" daemon [_thread_in_native, id=2340, stack(0x0000000017ec0000,0x0000000017fc0000)]

Stack: [0x0000000017ec0000,0x0000000017fc0000]
[error occurred during error reporting (printing stack bounds), id 0xc0000005]

Native frames: (J=compiled Java code, j=interpreted, Vv=VM code, C=native code)


Current CompileTask:
C2:    874 1268   !   4       com.android.dx.cf.code.BytecodeArray::parseInstruction (2764 bytes)


---------------  P R O C E S S  ---------------

Java Threads: ( => current thread )
  0x00000000187c8800 JavaThread "pool-1-thread-4" [_thread_in_Java, id=6788, stack(0x0000000018fc0000,0x00000000190c0000)]
  0x00000000179b1000 JavaThread "pool-1-thread-3" [_thread_in_Java, id=7424, stack(0x00000000186c0000,0x00000000187c0000)]
  0x00000000178f0800 JavaThread "pool-1-thread-2" [_thread_in_Java, id=7212, stack(0x00000000185c0000,0x00000000186c0000)]
  0x000000001796a000 JavaThread "pool-2-thread-1" [_thread_blocked, id=6248, stack(0x00000000184c0000,0x00000000185c0000)]
  0x000000001791a800 JavaThread "pool-1-thread-1" [_thread_in_Java, id=3740, stack(0x00000000183c0000,0x00000000184c0000)]
  0x00000000176be800 JavaThread "Service Thread" daemon [_thread_blocked, id=5744, stack(0x00000000181c0000,0x00000000182c0000)]
  0x0000000017624000 JavaThread "C1 CompilerThread3" daemon [_thread_in_vm, id=7828, stack(0x00000000180c0000,0x00000000181c0000)]
  0x00000000156fb000 JavaThread "C2 CompilerThread2" daemon [_thread_in_native, id=2840, stack(0x0000000017fc0000,0x00000000180c0000)]
=>0x0000000017613000 JavaThread "C2 CompilerThread1" daemon [_thread_in_native, id=2340, stack(0x0000000017ec0000,0x0000000017fc0000)]
  0x000000001760f000 JavaThread "C2 CompilerThread0" daemon [_thread_in_native, id=5312, stack(0x0000000017dc0000,0x0000000017ec0000)]
  0x000000001760c000 JavaThread "Attach Listener" daemon [_thread_blocked, id=10044, stack(0x0000000017cc0000,0x0000000017dc0000)]
  0x000000001760a800 JavaThread "Signal Dispatcher" daemon [_thread_blocked, id=5124, stack(0x0000000017bc0000,0x0000000017cc0000)]
  0x0000000017600800 JavaThread "Finalizer" daemon [_thread_blocked, id=6240, stack(0x00000000179e0000,0x0000000017ae0000)]
  0x00000000016d4000 JavaThread "Reference Handler" daemon [_thread_blocked, id=7764, stack(0x00000000174e0000,0x00000000175e0000)]
  0x00000000015e3000 JavaThread "main" [_thread_in_Java, id=5588, stack(0x0000000001150000,0x0000000001250000)]

Other Threads:
  0x00000000156e9800 VMThread [stack: 0x00000000173e0000,0x00000000174e0000] [id=2752]
  0x00000000176d2800 WatcherThread [stack: 0x00000000182c0000,0x00000000183c0000] [id=2512]

VM state:not at safepoint (normal execution)

VM Mutex/Monitor currently owned by a thread: None

Heap:
 PSYoungGen      total 70656K, used 61553K [0x00000000eab00000, 0x00000000ef500000, 0x0000000100000000)
  eden space 65536K, 86% used [0x00000000eab00000,0x00000000ee21e6d8,0x00000000eeb00000)
  from space 5120K, 99% used [0x00000000ef000000,0x00000000ef4fddc8,0x00000000ef500000)
  to   space 5120K, 0% used [0x00000000eeb00000,0x00000000eeb00000,0x00000000ef000000)
 ParOldGen       total 86016K, used 5690K [0x00000000c0000000, 0x00000000c5400000, 0x00000000eab00000)
  object space 86016K, 6% used [0x00000000c0000000,0x00000000c058ea70,0x00000000c5400000)
 Metaspace       used 6133K, capacity 7000K, committed 7168K, reserved 1056768K
  class space    used 624K, capacity 656K, committed 768K, reserved 1048576K

Card table byte_map: [0x0000000001b40000,0x0000000001d50000] byte_map_base: 0x0000000001540000

Marking Bits: (ParMarkBitMap*) 0x0000000073f8a6d0
 Begin Bits: [0x0000000012b00000, 0x0000000013b00000)
 End Bits:   [0x0000000013b00000, 0x0000000014b00000)

Polling page: 0x0000000001250000

CodeCache: size=245760Kb used=5208Kb max_used=5208Kb free=240551Kb
 bounds [0x0000000003400000, 0x0000000003920000, 0x0000000012400000]
 total_blobs=1587 nmethods=1318 adapters=182
 compilation: enabled

Compilation events (10 events):
Event: 0.871 Thread 0x0000000017624000 nmethod 1377 0x0000000003915d90 code [0x0000000003915ee0, 0x0000000003916010]
Event: 0.871 Thread 0x0000000017624000 1343       1       com.android.dx.rop.cst.CstString::getType (4 bytes)
Event: 0.871 Thread 0x0000000017624000 nmethod 1343 0x0000000003916090 code [0x00000000039161e0, 0x00000000039162f0]
Event: 0.871 Thread 0x0000000017624000 1389       1       com.android.dx.cf.code.OneLocalsArray::getMaxLocals (6 bytes)
Event: 0.871 Thread 0x0000000017624000 nmethod 1389 0x0000000003916350 code [0x00000000039164a0, 0x00000000039165b0]
Event: 0.871 Thread 0x0000000017624000 1418       1       com.android.dx.rop.cst.CstKnownNull::getType (4 bytes)
Event: 0.871 Thread 0x0000000017624000 nmethod 1418 0x0000000003916650 code [0x00000000039167a0, 0x00000000039168b0]
Event: 0.871 Thread 0x0000000017624000 1405       2       com.android.dx.ssa.SsaConverter::edgeSplitSuccessors (98 bytes)
Event: 0.872 Thread 0x0000000017624000 nmethod 1405 0x0000000003916910 code [0x0000000003916b20, 0x00000000039170c8]
Event: 0.872 Thread 0x0000000017624000 1403       2       com.android.dx.ssa.back.IdenticalBlockCombiner::process (323 bytes)

GC Heap History (4 events):
Event: 0.524 GC heap before
{Heap before GC invocations=1 (full 0):
 PSYoungGen      total 37888K, used 32768K [0x00000000eab00000, 0x00000000ed500000, 0x0000000100000000)
  eden space 32768K, 100% used [0x00000000eab00000,0x00000000ecb00000,0x00000000ecb00000)
  from space 5120K, 0% used [0x00000000ed000000,0x00000000ed000000,0x00000000ed500000)
  to   space 5120K, 0% used [0x00000000ecb00000,0x00000000ecb00000,0x00000000ed000000)
 ParOldGen       total 86016K, used 0K [0x00000000c0000000, 0x00000000c5400000, 0x00000000eab00000)
  object space 86016K, 0% used [0x00000000c0000000,0x00000000c0000000,0x00000000c5400000)
 Metaspace       used 5869K, capacity 6770K, committed 7040K, reserved 1056768K
  class space    used 601K, capacity 618K, committed 640K, reserved 1048576K
Event: 0.531 GC heap after
Heap after GC invocations=1 (full 0):
 PSYoungGen      total 37888K, used 5114K [0x00000000eab00000, 0x00000000ef500000, 0x0000000100000000)
  eden space 32768K, 0% used [0x00000000eab00000,0x00000000eab00000,0x00000000ecb00000)
  from space 5120K, 99% used [0x00000000ecb00000,0x00000000ecffeac8,0x00000000ed000000)
  to   space 5120K, 0% used [0x00000000ef000000,0x00000000ef000000,0x00000000ef500000)
 ParOldGen       total 86016K, used 1490K [0x00000000c0000000, 0x00000000c5400000, 0x00000000eab00000)
  object space 86016K, 1% used [0x00000000c0000000,0x00000000c0174890,0x00000000c5400000)
 Metaspace       used 5869K, capacity 6770K, committed 7040K, reserved 1056768K
  class space    used 601K, capacity 618K, committed 640K, reserved 1048576K
}
Event: 0.696 GC heap before
{Heap before GC invocations=2 (full 0):
 PSYoungGen      total 37888K, used 37882K [0x00000000eab00000, 0x00000000ef500000, 0x0000000100000000)
  eden space 32768K, 100% used [0x00000000eab00000,0x00000000ecb00000,0x00000000ecb00000)
  from space 5120K, 99% used [0x00000000ecb00000,0x00000000ecffeac8,0x00000000ed000000)
  to   space 5120K, 0% used [0x00000000ef000000,0x00000000ef000000,0x00000000ef500000)
 ParOldGen       total 86016K, used 1490K [0x00000000c0000000, 0x00000000c5400000, 0x00000000eab00000)
  object space 86016K, 1% used [0x00000000c0000000,0x00000000c01748b8,0x00000000c5400000)
 Metaspace       used 5996K, capacity 6898K, committed 7040K, reserved 1056768K
  class space    used 603K, capacity 618K, committed 640K, reserved 1048576K
Event: 0.704 GC heap after
Heap after GC invocations=2 (full 0):
 PSYoungGen      total 70656K, used 5111K [0x00000000eab00000, 0x00000000ef500000, 0x0000000100000000)
  eden space 65536K, 0% used [0x00000000eab00000,0x00000000eab00000,0x00000000eeb00000)
  from space 5120K, 99% used [0x00000000ef000000,0x00000000ef4fddc8,0x00000000ef500000)
  to   space 5120K, 0% used [0x00000000eeb00000,0x00000000eeb00000,0x00000000ef000000)
 ParOldGen       total 86016K, used 5690K [0x00000000c0000000, 0x00000000c5400000, 0x00000000eab00000)
  object space 86016K, 6% used [0x00000000c0000000,0x00000000c058ea70,0x00000000c5400000)
 Metaspace       used 5996K, capacity 6898K, committed 7040K, reserved 1056768K
  class space    used 603K, capacity 618K, committed 640K, reserved 1048576K
}

Deoptimization events (10 events):
Event: 0.459 Thread 0x00000000178f0800 Uncommon trap: reason=null_check action=make_not_entrant pc=0x00000000036c8148 method=com.android.dx.ssa.SsaRenamer.getLocalForNewReg(I)Lcom/android/dx/rop/code/LocalItem; @ 19
Event: 0.459 Thread 0x00000000178f0800 Uncommon trap: reason=null_check action=make_not_entrant pc=0x00000000036a6d70 method=com.android.dx.ssa.SsaRenamer.getLocalForNewReg(I)Lcom/android/dx/rop/code/LocalItem; @ 19
Event: 0.462 Thread 0x00000000178f0800 Uncommon trap: reason=class_check action=maybe_recompile pc=0x00000000036cd0b4 method=com.android.dx.rop.type.Type.equals(Ljava/lang/Object;)Z @ 8
Event: 0.496 Thread 0x00000000015e3000 Uncommon trap: reason=unstable_if action=reinterpret pc=0x0000000003700198 method=com.android.dx.rop.code.RegisterSpec.equals(ILcom/android/dx/rop/type/TypeBearer;Lcom/android/dx/rop/code/LocalItem;)Z @ 16
Event: 0.507 Thread 0x00000000179b1000 Uncommon trap: reason=unstable_if action=reinterpret pc=0x00000000036cd04c method=com.android.dx.rop.code.RegisterSpec.equals(ILcom/android/dx/rop/type/TypeBearer;Lcom/android/dx/rop/code/LocalItem;)Z @ 16
Event: 0.739 Thread 0x00000000178f0800 Uncommon trap: reason=unstable_if action=reinterpret pc=0x000000000382c364 method=java.util.HashMap.putVal(ILjava/lang/Object;Ljava/lang/Object;ZZ)Ljava/lang/Object; @ 162
Event: 0.754 Thread 0x00000000015e3000 Uncommon trap: reason=unstable_if action=reinterpret pc=0x00000000037cf4fc method=java.util.HashMap.getNode(ILjava/lang/Object;)Ljava/util/HashMap$Node; @ 84
Event: 0.774 Thread 0x00000000178f0800 Uncommon trap: reason=unstable_if action=reinterpret pc=0x00000000037eff7c method=com.android.dx.util.IntList.binarysearch(I)I @ 105
Event: 0.806 Thread 0x000000001791a800 Uncommon trap: reason=unstable_if action=reinterpret pc=0x0000000003751800 method=java.util.HashMap.putVal(ILjava/lang/Object;Ljava/lang/Object;ZZ)Ljava/lang/Object; @ 162
Event: 0.851 Thread 0x00000000015e3000 Uncommon trap: reason=unstable_if action=reinterpret pc=0x0000000003875800 method=java.util.HashMap.getNode(ILjava/lang/Object;)Ljava/util/HashMap$Node; @ 84

Internal exceptions (7 events):
Event: 0.031 Thread 0x00000000015e3000 Exception <a 'java/lang/NoSuchMethodError': Method sun.misc.Unsafe.defineClass(Ljava/lang/String;[BII)Ljava/lang/Class; name or signature does not match> (0x00000000eab07cc0) thrown at [C:\re\workspace\8-2-build-windows-amd64-cygwin\jdk8u101\7261\hotspot\s0’C×}Ÿ?
Event: 0.031 Thread 0x00000000015e3000 Exception <a 'java/lang/NoSuchMethodError': Method sun.misc.Unsafe.prefetchRead(Ljava/lang/Object;J)V name or signature does not match> (0x00000000eab07fa8) thrown at [C:\re\workspace\8-2-build-windows-amd64-cygwin\jdk8u101\7261\hotspot\src\share\vm\prims\ÎÌ¦¹´]Ý?
Event: 0.459 Thread 0x00000000178f0800 Implicit null exception at 0x00000000036c6837 to 0x00000000036c8101
Event: 0.459 Thread 0x00000000178f0800 Implicit null exception at 0x00000000036a554e to 0x00000000036a6d49
Event: 0.741 Thread 0x00000000178f0800 Exception <a 'java/lang/ArrayIndexOutOfBoundsException': 18> (0x00000000eb7c6f18) thrown at [C:\re\workspace\8-2-build-windows-amd64-cygwin\jdk8u101\7261\hotspot\src\share\vm\interpreter\interpreterRuntime.cpp, line 366]
Event: 0.741 Thread 0x00000000178f0800 Exception <a 'java/lang/ArrayIndexOutOfBoundsException': 145> (0x00000000eb7c8a98) thrown at [C:\re\workspace\8-2-build-windows-amd64-cygwin\jdk8u101\7261\hotspot\src\share\vm\interpreter\interpreterRuntime.cpp, line 366]
Event: 0.742 Thread 0x00000000178f0800 Exception <a 'java/lang/ArrayIndexOutOfBoundsException': 40> (0x00000000eb7c9d80) thrown at [C:\re\workspace\8-2-build-windows-amd64-cygwin\jdk8u101\7261\hotspot\src\share\vm\interpreter\interpreterRuntime.cpp, line 366]

Events (10 events):
Event: 0.836 Thread 0x00000000178f0800 DEOPT UNPACKING pc=0x000000000344787f sp=0x00000000186be948 mode 0
Event: 0.847 Thread 0x000000001791a800 DEOPT PACKING pc=0x00000000036257b9 sp=0x00000000184beb50
Event: 0.847 Thread 0x000000001791a800 DEOPT UNPACKING pc=0x000000000344787f sp=0x00000000184be880 mode 0
Event: 0.848 Thread 0x00000000178f0800 DEOPT PACKING pc=0x00000000037d3f7f sp=0x00000000186be840
Event: 0.848 Thread 0x00000000178f0800 DEOPT UNPACKING pc=0x000000000344787f sp=0x00000000186be620 mode 0
Event: 0.851 Thread 0x00000000015e3000 Uncommon trap: trap_request=0xffffff65 fr.pc=0x0000000003875800
Event: 0.851 Thread 0x00000000015e3000 DEOPT PACKING pc=0x0000000003875800 sp=0x000000000124e470
Event: 0.851 Thread 0x00000000015e3000 DEOPT UNPACKING pc=0x000000000344582a sp=0x000000000124e2d0 mode 2
Event: 0.864 Thread 0x00000000178f0800 DEOPT PACKING pc=0x00000000038336b9 sp=0x00000000186beae0
Event: 0.864 Thread 0x00000000178f0800 DEOPT UNPACKING pc=0x000000000344787f sp=0x00000000186be928 mode 0


Dynamic libraries:
0x00007ff6ac6b0000 - 0x00007ff6ac6e7000 	C:\Program Files\Java\jdk1.8.0_101\bin\java.exe
0x00007ffc46ec0000 - 0x00007ffc4706d000 	C:\Windows\SYSTEM32\ntdll.dll
0x00007ffc44540000 - 0x00007ffc4467e000 	C:\Windows\system32\KERNEL32.DLL
0x00007ffc441e0000 - 0x00007ffc442f5000 	C:\Windows\system32\KERNELBASE.dll
0x00007ffc42c70000 - 0x00007ffc42cfe000 	C:\Windows\system32\apphelp.dll
0x00007ffc3ccd0000 - 0x00007ffc3cd23000 	C:\Windows\AppPatch\AppPatch64\AcGenral.DLL
0x00007ffc44730000 - 0x00007ffc447da000 	C:\Windows\system32\msvcrt.dll
0x00007ffc441b0000 - 0x00007ffc441de000 	C:\Windows\system32\SspiCli.dll
0x00007ffc468f0000 - 0x00007ffc46944000 	C:\Windows\system32\SHLWAPI.dll
0x00007ffc44b60000 - 0x00007ffc44cd7000 	C:\Windows\system32\USER32.dll
0x00007ffc46a10000 - 0x00007ffc46ba4000 	C:\Windows\system32\ole32.dll
0x00007ffc450c0000 - 0x00007ffc465e8000 	C:\Windows\system32\SHELL32.dll
0x00007ffc43610000 - 0x00007ffc43631000 	C:\Windows\SYSTEM32\USERENV.dll
0x00007ffc44680000 - 0x00007ffc4472a000 	C:\Windows\system32\ADVAPI32.dll
0x00007ffc3b470000 - 0x00007ffc3b48e000 	C:\Windows\SYSTEM32\MPR.dll
0x00007ffc46750000 - 0x00007ffc46890000 	C:\Windows\system32\RPCRT4.dll
0x00007ffc46d90000 - 0x00007ffc46de9000 	C:\Windows\SYSTEM32\sechost.dll
0x00007ffc44cf0000 - 0x00007ffc44f01000 	C:\Windows\SYSTEM32\combase.dll
0x00007ffc44f10000 - 0x00007ffc4505f000 	C:\Windows\system32\GDI32.dll
0x00007ffc43fe0000 - 0x00007ffc43ff5000 	C:\Windows\SYSTEM32\profapi.dll
0x00007ffc42620000 - 0x00007ffc426d2000 	C:\Windows\SYSTEM32\SHCORE.dll
0x00007ffc46e10000 - 0x00007ffc46e46000 	C:\Windows\system32\IMM32.DLL
0x00007ffc465f0000 - 0x00007ffc46742000 	C:\Windows\system32\MSCTF.dll
0x00007ffc421a0000 - 0x00007ffc4241b000 	C:\Windows\WinSxS\amd64_microsoft.windows.common-controls_6595b64144ccf1df_6.0.9600.18006_none_623f33d3ecbe86e8\COMCTL32.dll
0x0000000073360000 - 0x0000000073432000 	C:\Program Files\Java\jdk1.8.0_101\jre\bin\msvcr100.dll
0x0000000073770000 - 0x000000007400a000 	C:\Program Files\Java\jdk1.8.0_101\jre\bin\server\jvm.dll
0x00007ffc40930000 - 0x00007ffc40939000 	C:\Windows\SYSTEM32\WSOCK32.dll
0x00007ffc42000000 - 0x00007ffc42022000 	C:\Windows\SYSTEM32\WINMM.dll
0x00007ffc41f20000 - 0x00007ffc41f2a000 	C:\Windows\SYSTEM32\VERSION.dll
0x00007ffc44a90000 - 0x00007ffc44a97000 	C:\Windows\system32\PSAPI.DLL
0x00007ffc46890000 - 0x00007ffc468ea000 	C:\Windows\system32\WS2_32.dll
0x00007ffc41f60000 - 0x00007ffc41f8a000 	C:\Windows\SYSTEM32\WINMMBASE.dll
0x00007ffc44ce0000 - 0x00007ffc44ce9000 	C:\Windows\system32\NSI.dll
0x00007ffc440b0000 - 0x00007ffc440ff000 	C:\Windows\SYSTEM32\cfgmgr32.dll
0x00007ffc42ec0000 - 0x00007ffc42ee8000 	C:\Windows\SYSTEM32\DEVOBJ.dll
0x0000000074470000 - 0x000000007447f000 	C:\Program Files\Java\jdk1.8.0_101\jre\bin\verify.dll
0x0000000074440000 - 0x0000000074469000 	C:\Program Files\Java\jdk1.8.0_101\jre\bin\java.dll
0x0000000074420000 - 0x0000000074436000 	C:\Program Files\Java\jdk1.8.0_101\jre\bin\zip.dll

VM Arguments:
jvm_args: -Djava.awt.headless=true -Xmx1024M -Dfile.encoding=windows-1251 -Duser.country=RU -Duser.language=ru -Duser.variant 
java_command: com.android.dx.command.Main --dex --force-jumbo --num-threads=4 --output C:\Users\Brom\.AndroidStudio2.1\APIvk\app\build\intermediates\pre-dexed\debug\com.android.support-recyclerview-v7-24.2.0_bb0d2662e09a6e27c70eccf3cb5a7d174295a7c5.jar C:\Users\Brom\.AndroidStudio2.1\APIvk\app\build\intermediates\exploded-aar\com.android.support\recyclerview-v7\24.2.0\jars\classes.jar
java_class_path (initial): D:\android\sdk\build-tools\24.0.2\lib\dx.jar
Launcher Type: SUN_STANDARD

Environment Variables:
JAVA_HOME=C:\Program Files\Java\jdk1.8.0_101
CLASSPATH=C:\Program Files\Java\javamail-1.4.7\mail.jar;
PATH=C:\ProgramData\Oracle\Java\javapath;C:\Windows\system32;C:\Windows;C:\Windows\System32\Wbem;C:\Windows\System32\WindowsPowerShell\v1.0\;C:\Program Files (x86)\NVIDIA Corporation\PhysX\Common;C:\Program Files (x86)\Windows Kits\8.1\Windows Performance Toolkit\;C:\Program Files\Microsoft SQL Server\110\Tools\Binn\;C:\Program Files (x86)\Skype\Phone\;D:\Program Files\New Folder\;D:\Program Files\mat\runtime\win64;D:\Program Files\mat\bin;D:\Program Files\mat\polyspace\bin;C:\Program Files\Microsoft SQL Server\Client SDK\ODBC\110\Tools\Binn\;C:\Program Files (x86)\Microsoft SQL Server\120\Tools\Binn\;C:\Program Files\Microsoft SQL Server\120\Tools\Binn\;C:\Program Files\Microsoft SQL Server\120\DTS\Binn\;C:\Program Files (x86)\Microsoft SQL Server\120\Tools\Binn\ManagementStudio\;C:\Program Files (x86)\Microsoft SQL Server\120\DTS\Binn\;D:\Program Files\doxygen\bin;C:\Users\Brom\AppData\Local\Programs\Python\Python35-32\Scripts\;C:\Users\Brom\AppData\Local\Programs\Python\Python35-32\
USERNAME=Brom
OS=Windows_NT
PROCESSOR_IDENTIFIER=Intel64 Family 6 Model 58 Stepping 9, GenuineIntel



---------------  S Y S T E M  ---------------

OS: Windows 8.1 , 64 bit Build 9600 (6.3.9600.17415)

CPU:total 8 (4 cores per cpu, 2 threads per core) family 6 model 58 stepping 9, cmov, cx8, fxsr, mmx, sse, sse2, sse3, ssse3, sse4.1, sse4.2, popcnt, avx, aes, clmul, erms, ht, tsc, tscinvbit, tscinv

Memory: 4k page, physical 8199448k(430148k free), swap 11345176k(5572k free)

vm_info: Java HotSpot(TM) 64-Bit Server VM (25.101-b13) for windows-amd64 JRE (1.8.0_101-b13), built on Jun 22 2016 01:21:29 by "java_re" with MS VC++ 10.0 (VS2010)

time: Thu Jan 05 21:06:08 2017
elapsed time: 0 seconds (0d 0h 0m 0s)

