#
# There is insufficient memory for the Java Runtime Environment to continue.
# Native memory allocation (malloc) failed to allocate 1049936 bytes for Chunk::new
# Possible reasons:
#   The system is out of physical RAM or swap space
#   In 32 bit mode, the process size limit was hit
# Possible solutions:
#   Reduce memory load on the system
#   Increase physical memory or swap space
#   Check if swap backing store is full
#   Use 64 bit Java on a 64 bit OS
#   Decrease Java heap size (-Xmx/-Xms)
#   Decrease number of Java threads
#   Decrease Java thread stack sizes (-Xss)
#   Set larger code cache with -XX:ReservedCodeCacheSize=
# This output file may be truncated or incomplete.
#
#  Out of Memory Error (allocation.cpp:390), pid=3720, tid=0x00000000000018cc
#
# JRE version: Java(TM) SE Runtime Environment (8.0_101-b13) (build 1.8.0_101-b13)
# Java VM: Java HotSpot(TM) 64-Bit Server VM (25.101-b13 mixed mode windows-amd64 compressed oops)
# Failed to write core dump. Minidumps are not enabled by default on client versions of Windows
#

---------------  T H R E A D  ---------------

Current thread (0x00000000174f5000):  JavaThread "C2 CompilerThread1" daemon [_thread_in_native, id=6348, stack(0x0000000017cc0000,0x0000000017dc0000)]

Stack: [0x0000000017cc0000,0x0000000017dc0000]
[error occurred during error reporting (printing stack bounds), id 0xc0000005]

Native frames: (J=compiled Java code, j=interpreted, Vv=VM code, C=native code)


Current CompileTask:
C2:  15336 1773       4       com.android.dx.rop.code.Rops::ropFor (771 bytes)


---------------  P R O C E S S  ---------------

Java Threads: ( => current thread )
  0x0000000017597800 JavaThread "Service Thread" daemon [_thread_blocked, id=3292, stack(0x0000000017fc0000,0x00000000180c0000)]
  0x0000000017557800 JavaThread "C1 CompilerThread3" daemon [_thread_blocked, id=5488, stack(0x0000000017ec0000,0x0000000017fc0000)]
  0x00000000155fd800 JavaThread "C2 CompilerThread2" daemon [_thread_in_native, id=8428, stack(0x0000000017dc0000,0x0000000017ec0000)]
=>0x00000000174f5000 JavaThread "C2 CompilerThread1" daemon [_thread_in_native, id=6348, stack(0x0000000017cc0000,0x0000000017dc0000)]
  0x00000000174ef000 JavaThread "C2 CompilerThread0" daemon [_thread_blocked, id=6184, stack(0x0000000017bc0000,0x0000000017cc0000)]
  0x00000000174ec000 JavaThread "Attach Listener" daemon [_thread_blocked, id=4512, stack(0x0000000017ac0000,0x0000000017bc0000)]
  0x00000000174ea800 JavaThread "Signal Dispatcher" daemon [_thread_blocked, id=5740, stack(0x00000000179c0000,0x0000000017ac0000)]
  0x00000000174e0800 JavaThread "Finalizer" daemon [_thread_blocked, id=6392, stack(0x00000000178c0000,0x00000000179c0000)]
  0x00000000015a4000 JavaThread "Reference Handler" daemon [_thread_blocked, id=8064, stack(0x00000000173c0000,0x00000000174c0000)]
  0x00000000014b3000 JavaThread "main" [_thread_in_Java, id=8340, stack(0x00000000013b0000,0x00000000014b0000)]

Other Threads:
  0x00000000155e9800 VMThread [stack: 0x00000000172c0000,0x00000000173c0000] [id=6092]
  0x000000001759a800 WatcherThread [stack: 0x00000000180c0000,0x00000000181c0000] [id=5376]

VM state:not at safepoint (normal execution)

VM Mutex/Monitor currently owned by a thread: None

Heap:
 PSYoungGen      total 70656K, used 36779K [0x00000000eab00000, 0x00000000ef500000, 0x0000000100000000)
  eden space 65536K, 48% used [0x00000000eab00000,0x00000000ec9efb18,0x00000000eeb00000)
  from space 5120K, 99% used [0x00000000ef000000,0x00000000ef4fb100,0x00000000ef500000)
  to   space 5120K, 0% used [0x00000000eeb00000,0x00000000eeb00000,0x00000000ef000000)
 ParOldGen       total 86016K, used 25427K [0x00000000c0000000, 0x00000000c5400000, 0x00000000eab00000)
  object space 86016K, 29% used [0x00000000c0000000,0x00000000c18d4f98,0x00000000c5400000)
 Metaspace       used 6613K, capacity 7320K, committed 7680K, reserved 1056768K
  class space    used 638K, capacity 656K, committed 768K, reserved 1048576K

Card table byte_map: [0x0000000001970000,0x0000000001b80000] byte_map_base: 0x0000000001370000

Marking Bits: (ParMarkBitMap*) 0x0000000073f8a6d0
 Begin Bits: [0x0000000012a00000, 0x0000000013a00000)
 End Bits:   [0x0000000013a00000, 0x0000000014a00000)

Polling page: 0x0000000000fd0000

CodeCache: size=245760Kb used=8543Kb max_used=8543Kb free=237216Kb
 bounds [0x0000000003400000, 0x0000000003c60000, 0x0000000012400000]
 total_blobs=2290 nmethods=2016 adapters=183
 compilation: enabled

Compilation events (10 events):
Event: 13.892 Thread 0x0000000017557800 1871       2       com.android.dx.cf.cst.ConstantPoolParser::parseIfNecessary (12 bytes)
Event: 13.892 Thread 0x0000000017557800 nmethod 1871 0x0000000003baffd0 code [0x0000000003bb0140, 0x0000000003bb02c8]
Event: 13.892 Thread 0x0000000017557800 1873       2       com.android.dx.cf.direct.MemberListParser::setObserver (6 bytes)
Event: 13.892 Thread 0x0000000017557800 nmethod 1873 0x0000000003bafc90 code [0x0000000003bafde0, 0x0000000003baff50]
Event: 13.892 Thread 0x0000000017557800 1872       1       com.android.dx.cf.direct.FieldListParser::getAttributeContext (2 bytes)
Event: 13.892 Thread 0x0000000017557800 nmethod 1872 0x0000000003c05150 code [0x0000000003c052a0, 0x0000000003c053b0]
Event: 13.892 Thread 0x0000000017557800 1874       1       com.android.dx.cf.direct.MethodListParser::getAttributeContext (2 bytes)
Event: 13.893 Thread 0x0000000017557800 nmethod 1874 0x0000000003c05410 code [0x0000000003c05560, 0x0000000003c05670]
Event: 13.893 Thread 0x0000000017557800 1875       1       com.android.dx.cf.attrib.AttSourceFile::byteLength (3 bytes)
Event: 13.893 Thread 0x0000000017557800 nmethod 1875 0x0000000003c056d0 code [0x0000000003c05820, 0x0000000003c05930]

GC Heap History (6 events):
Event: 3.397 GC heap before
{Heap before GC invocations=1 (full 0):
 PSYoungGen      total 37888K, used 32768K [0x00000000eab00000, 0x00000000ed500000, 0x0000000100000000)
  eden space 32768K, 100% used [0x00000000eab00000,0x00000000ecb00000,0x00000000ecb00000)
  from space 5120K, 0% used [0x00000000ed000000,0x00000000ed000000,0x00000000ed500000)
  to   space 5120K, 0% used [0x00000000ecb00000,0x00000000ecb00000,0x00000000ed000000)
 ParOldGen       total 86016K, used 0K [0x00000000c0000000, 0x00000000c5400000, 0x00000000eab00000)
  object space 86016K, 0% used [0x00000000c0000000,0x00000000c0000000,0x00000000c5400000)
 Metaspace       used 5967K, capacity 6898K, committed 7040K, reserved 1056768K
  class space    used 598K, capacity 618K, committed 640K, reserved 1048576K
Event: 3.650 GC heap after
Heap after GC invocations=1 (full 0):
 PSYoungGen      total 37888K, used 5098K [0x00000000eab00000, 0x00000000ef500000, 0x0000000100000000)
  eden space 32768K, 0% used [0x00000000eab00000,0x00000000eab00000,0x00000000ecb00000)
  from space 5120K, 99% used [0x00000000ecb00000,0x00000000ecffaaa0,0x00000000ed000000)
  to   space 5120K, 0% used [0x00000000ef000000,0x00000000ef000000,0x00000000ef500000)
 ParOldGen       total 86016K, used 1979K [0x00000000c0000000, 0x00000000c5400000, 0x00000000eab00000)
  object space 86016K, 2% used [0x00000000c0000000,0x00000000c01eeef0,0x00000000c5400000)
 Metaspace       used 5967K, capacity 6898K, committed 7040K, reserved 1056768K
  class space    used 598K, capacity 618K, committed 640K, reserved 1048576K
}
Event: 10.945 GC heap before
{Heap before GC invocations=2 (full 0):
 PSYoungGen      total 37888K, used 37866K [0x00000000eab00000, 0x00000000ef500000, 0x0000000100000000)
  eden space 32768K, 100% used [0x00000000eab00000,0x00000000ecb00000,0x00000000ecb00000)
  from space 5120K, 99% used [0x00000000ecb00000,0x00000000ecffaaa0,0x00000000ed000000)
  to   space 5120K, 0% used [0x00000000ef000000,0x00000000ef000000,0x00000000ef500000)
 ParOldGen       total 86016K, used 1979K [0x00000000c0000000, 0x00000000c5400000, 0x00000000eab00000)
  object space 86016K, 2% used [0x00000000c0000000,0x00000000c01eeef0,0x00000000c5400000)
 Metaspace       used 6221K, capacity 7064K, committed 7424K, reserved 1056768K
  class space    used 620K, capacity 656K, committed 768K, reserved 1048576K
Event: 11.002 GC heap after
Heap after GC invocations=2 (full 0):
 PSYoungGen      total 70656K, used 5098K [0x00000000eab00000, 0x00000000ef500000, 0x0000000100000000)
  eden space 65536K, 0% used [0x00000000eab00000,0x00000000eab00000,0x00000000eeb00000)
  from space 5120K, 99% used [0x00000000ef000000,0x00000000ef4faaa0,0x00000000ef500000)
  to   space 5120K, 0% used [0x00000000eeb00000,0x00000000eeb00000,0x00000000ef000000)
 ParOldGen       total 86016K, used 5405K [0x00000000c0000000, 0x00000000c5400000, 0x00000000eab00000)
  object space 86016K, 6% used [0x00000000c0000000,0x00000000c05477b8,0x00000000c5400000)
 Metaspace       used 6221K, capacity 7064K, committed 7424K, reserved 1056768K
  class space    used 620K, capacity 656K, committed 768K, reserved 1048576K
}
Event: 13.657 GC heap before
{Heap before GC invocations=3 (full 0):
 PSYoungGen      total 70656K, used 70634K [0x00000000eab00000, 0x00000000ef500000, 0x0000000100000000)
  eden space 65536K, 100% used [0x00000000eab00000,0x00000000eeb00000,0x00000000eeb00000)
  from space 5120K, 99% used [0x00000000ef000000,0x00000000ef4faaa0,0x00000000ef500000)
  to   space 5120K, 0% used [0x00000000eeb00000,0x00000000eeb00000,0x00000000ef000000)
 ParOldGen       total 86016K, used 5405K [0x00000000c0000000, 0x00000000c5400000, 0x00000000eab00000)
  object space 86016K, 6% used [0x00000000c0000000,0x00000000c05477b8,0x00000000c5400000)
 Metaspace       used 6337K, capacity 7128K, committed 7424K, reserved 1056768K
  class space    used 620K, capacity 656K, committed 768K, reserved 1048576K
Event: 13.799 GC heap after
Heap after GC invocations=3 (full 0):
 PSYoungGen      total 70656K, used 5097K [0x00000000eab00000, 0x00000000ef500000, 0x0000000100000000)
  eden space 65536K, 0% used [0x00000000eab00000,0x00000000eab00000,0x00000000eeb00000)
  from space 5120K, 99% used [0x00000000eeb00000,0x00000000eeffa5e0,0x00000000ef000000)
  to   space 5120K, 0% used [0x00000000ef000000,0x00000000ef000000,0x00000000ef500000)
 ParOldGen       total 86016K, used 14907K [0x00000000c0000000, 0x00000000c5400000, 0x00000000eab00000)
  object space 86016K, 17% used [0x00000000c0000000,0x00000000c0e8ed70,0x00000000c5400000)
 Metaspace       used 6337K, capacity 7128K, committed 7424K, reserved 1056768K
  class space    used 620K, capacity 656K, committed 768K, reserved 1048576K
}

Deoptimization events (10 events):
Event: 12.191 Thread 0x00000000177c8000 Uncommon trap: reason=class_check action=maybe_recompile pc=0x000000000391f214 method=com.android.dx.rop.cst.CstLiteral32.equals(Ljava/lang/Object;)Z @ 20
Event: 12.192 Thread 0x00000000177c8000 Uncommon trap: reason=class_check action=maybe_recompile pc=0x000000000391f214 method=com.android.dx.rop.cst.CstLiteral32.equals(Ljava/lang/Object;)Z @ 20
Event: 12.192 Thread 0x00000000177c8000 Uncommon trap: reason=class_check action=maybe_recompile pc=0x000000000391f214 method=com.android.dx.rop.cst.CstLiteral32.equals(Ljava/lang/Object;)Z @ 20
Event: 12.603 Thread 0x00000000181c9000 Uncommon trap: reason=bimorphic action=maybe_recompile pc=0x0000000003b6872c method=com.android.dx.cf.code.RopperMachine.run(Lcom/android/dx/cf/code/Frame;II)V @ 988
Event: 12.606 Thread 0x00000000181c8800 Uncommon trap: reason=bimorphic action=maybe_recompile pc=0x0000000003b58540 method=com.android.dx.rop.code.RegisterSpec.withSimpleType()Lcom/android/dx/rop/code/RegisterSpec; @ 21
Event: 12.759 Thread 0x00000000177c8000 Uncommon trap: reason=unstable_if action=reinterpret pc=0x0000000003b7adb0 method=com.android.dx.ssa.InterferenceRegisterMapper.interferes(III)Z @ 69
Event: 12.820 Thread 0x00000000181d1800 Uncommon trap: reason=null_assert action=make_not_entrant pc=0x0000000003b66cf8 method=com.android.dx.cf.code.RopperMachine.run(Lcom/android/dx/cf/code/Frame;II)V @ 1112
Event: 13.094 Thread 0x00000000181d1800 Uncommon trap: reason=unstable_if action=reinterpret pc=0x0000000003bb963c method=com.android.dx.cf.code.ByteCatchList.listFor(I)Lcom/android/dx/cf/code/ByteCatchList; @ 47
Event: 13.100 Thread 0x00000000181c8800 Uncommon trap: reason=unstable_if action=reinterpret pc=0x0000000003a905f4 method=com.android.dx.rop.code.BasicBlockList.preferredSuccessorOf(Lcom/android/dx/rop/code/BasicBlock;)Lcom/android/dx/rop/code/BasicBlock; @ 58
Event: 13.857 Thread 0x00000000181d1800 Uncommon trap: reason=unstable_if action=reinterpret pc=0x0000000003a89c48 method=com.android.dx.ssa.SCCP.simulateStmt(Lcom/android/dx/ssa/SsaInsn;)V @ 59

Internal exceptions (6 events):
Event: 0.082 Thread 0x00000000014b3000 Exception <a 'java/lang/NoSuchMethodError': Method sun.misc.Unsafe.defineClass(Ljava/lang/String;[BII)Ljava/lang/Class; name or signature does not match> (0x00000000eab07cc0) thrown at [C:\re\workspace\8-2-build-windows-amd64-cygwin\jdk8u101\7261\hotspot\s°a(Ø¥ò´?
Event: 0.082 Thread 0x00000000014b3000 Exception <a 'java/lang/NoSuchMethodError': Method sun.misc.Unsafe.prefetchRead(Ljava/lang/Object;J)V name or signature does not match> (0x00000000eab07fa8) thrown at [C:\re\workspace\8-2-build-windows-amd64-cygwin\jdk8u101\7261\hotspot\src\share\vm\prims\öè¼z*¡ý?
Event: 1.852 Thread 0x00000000181d1800 Implicit null exception at 0x0000000003707676 to 0x0000000003708ddd
Event: 7.917 Thread 0x00000000181c9000 Exception <a 'java/lang/ArrayIndexOutOfBoundsException': 18> (0x00000000ec4519a0) thrown at [C:\re\workspace\8-2-build-windows-amd64-cygwin\jdk8u101\7261\hotspot\src\share\vm\interpreter\interpreterRuntime.cpp, line 366]
Event: 7.918 Thread 0x00000000181c9000 Exception <a 'java/lang/ArrayIndexOutOfBoundsException': 145> (0x00000000ec453520) thrown at [C:\re\workspace\8-2-build-windows-amd64-cygwin\jdk8u101\7261\hotspot\src\share\vm\interpreter\interpreterRuntime.cpp, line 366]
Event: 9.912 Thread 0x00000000181c9000 Exception <a 'java/lang/ArrayIndexOutOfBoundsException'> (0x00000000ec454808) thrown at [C:\re\workspace\8-2-build-windows-amd64-cygwin\jdk8u101\7261\hotspot\src\share\vm\runtime\sharedRuntime.cpp, line 605]

Events (10 events):
Event: 13.094 Thread 0x00000000181d1800 DEOPT PACKING pc=0x0000000003bb963c sp=0x0000000018ebeaf0
Event: 13.094 Thread 0x00000000181d1800 DEOPT UNPACKING pc=0x000000000344582a sp=0x0000000018ebe950 mode 2
Event: 13.100 Thread 0x00000000181c8800 Uncommon trap: trap_request=0xffffff65 fr.pc=0x0000000003a905f4
Event: 13.100 Thread 0x00000000181c8800 DEOPT PACKING pc=0x0000000003a905f4 sp=0x0000000018cbebc0
Event: 13.100 Thread 0x00000000181c8800 DEOPT UNPACKING pc=0x000000000344582a sp=0x0000000018cbeb48 mode 2
Event: 13.559 Executing VM operation: ParallelGCFailedAllocation
Event: 13.799 Executing VM operation: ParallelGCFailedAllocation done
Event: 13.857 Thread 0x00000000181d1800 Uncommon trap: trap_request=0xffffff65 fr.pc=0x0000000003a89c48
Event: 13.857 Thread 0x00000000181d1800 DEOPT PACKING pc=0x0000000003a89c48 sp=0x0000000018ebeac0
Event: 13.857 Thread 0x00000000181d1800 DEOPT UNPACKING pc=0x000000000344582a sp=0x0000000018ebeaa8 mode 2


Dynamic libraries:
0x00007ff6ac6b0000 - 0x00007ff6ac6e7000 	C:\Program Files\Java\jdk1.8.0_101\bin\java.exe
0x00007ffc46ec0000 - 0x00007ffc4706d000 	C:\Windows\SYSTEM32\ntdll.dll
0x00007ffc44540000 - 0x00007ffc4467e000 	C:\Windows\system32\KERNEL32.DLL
0x00007ffc441e0000 - 0x00007ffc442f5000 	C:\Windows\system32\KERNELBASE.dll
0x00007ffc42c70000 - 0x00007ffc42cfe000 	C:\Windows\system32\apphelp.dll
0x00007ffc3ccd0000 - 0x00007ffc3cd23000 	C:\Windows\AppPatch\AppPatch64\AcGenral.DLL
0x00007ffc44730000 - 0x00007ffc447da000 	C:\Windows\system32\msvcrt.dll
0x00007ffc441b0000 - 0x00007ffc441de000 	C:\Windows\system32\SspiCli.dll
0x00007ffc468f0000 - 0x00007ffc46944000 	C:\Windows\system32\SHLWAPI.dll
0x00007ffc44b60000 - 0x00007ffc44cd7000 	C:\Windows\system32\USER32.dll
0x00007ffc46a10000 - 0x00007ffc46ba4000 	C:\Windows\system32\ole32.dll
0x00007ffc450c0000 - 0x00007ffc465e8000 	C:\Windows\system32\SHELL32.dll
0x00007ffc43610000 - 0x00007ffc43631000 	C:\Windows\SYSTEM32\USERENV.dll
0x00007ffc44680000 - 0x00007ffc4472a000 	C:\Windows\system32\ADVAPI32.dll
0x00007ffc3b470000 - 0x00007ffc3b48e000 	C:\Windows\SYSTEM32\MPR.dll
0x00007ffc46750000 - 0x00007ffc46890000 	C:\Windows\system32\RPCRT4.dll
0x00007ffc46d90000 - 0x00007ffc46de9000 	C:\Windows\SYSTEM32\sechost.dll
0x00007ffc44cf0000 - 0x00007ffc44f01000 	C:\Windows\SYSTEM32\combase.dll
0x00007ffc44f10000 - 0x00007ffc4505f000 	C:\Windows\system32\GDI32.dll
0x00007ffc43fe0000 - 0x00007ffc43ff5000 	C:\Windows\SYSTEM32\profapi.dll
0x00007ffc42620000 - 0x00007ffc426d2000 	C:\Windows\SYSTEM32\SHCORE.dll
0x00007ffc46e10000 - 0x00007ffc46e46000 	C:\Windows\system32\IMM32.DLL
0x00007ffc465f0000 - 0x00007ffc46742000 	C:\Windows\system32\MSCTF.dll
0x00007ffc421a0000 - 0x00007ffc4241b000 	C:\Windows\WinSxS\amd64_microsoft.windows.common-controls_6595b64144ccf1df_6.0.9600.18006_none_623f33d3ecbe86e8\COMCTL32.dll
0x0000000073360000 - 0x0000000073432000 	C:\Program Files\Java\jdk1.8.0_101\jre\bin\msvcr100.dll
0x0000000073770000 - 0x000000007400a000 	C:\Program Files\Java\jdk1.8.0_101\jre\bin\server\jvm.dll
0x00007ffc40930000 - 0x00007ffc40939000 	C:\Windows\SYSTEM32\WSOCK32.dll
0x00007ffc42000000 - 0x00007ffc42022000 	C:\Windows\SYSTEM32\WINMM.dll
0x00007ffc41f20000 - 0x00007ffc41f2a000 	C:\Windows\SYSTEM32\VERSION.dll
0x00007ffc44a90000 - 0x00007ffc44a97000 	C:\Windows\system32\PSAPI.DLL
0x00007ffc46890000 - 0x00007ffc468ea000 	C:\Windows\system32\WS2_32.dll
0x00007ffc41f60000 - 0x00007ffc41f8a000 	C:\Windows\SYSTEM32\WINMMBASE.dll
0x00007ffc44ce0000 - 0x00007ffc44ce9000 	C:\Windows\system32\NSI.dll
0x00007ffc440b0000 - 0x00007ffc440ff000 	C:\Windows\SYSTEM32\cfgmgr32.dll
0x00007ffc42ec0000 - 0x00007ffc42ee8000 	C:\Windows\SYSTEM32\DEVOBJ.dll
0x0000000074470000 - 0x000000007447f000 	C:\Program Files\Java\jdk1.8.0_101\jre\bin\verify.dll
0x0000000074440000 - 0x0000000074469000 	C:\Program Files\Java\jdk1.8.0_101\jre\bin\java.dll
0x0000000074420000 - 0x0000000074436000 	C:\Program Files\Java\jdk1.8.0_101\jre\bin\zip.dll

VM Arguments:
jvm_args: -Djava.awt.headless=true -Xmx1024M -Dfile.encoding=windows-1251 -Duser.country=RU -Duser.language=ru -Duser.variant 
java_command: com.android.dx.command.Main --dex --force-jumbo --num-threads=4 --output C:\Users\Brom\.AndroidStudio2.1\APIvk\app\build\intermediates\pre-dexed\debug\okhttp-3.3.0_f4a8c50b8b123d0ec1db193d61f023c04c1f7bf8.jar C:\Users\Brom\.gradle\caches\modules-2\files-2.1\com.squareup.okhttp3\okhttp\3.3.0\2b802460eea20f8f2ad9c08c74e0f14718e88aa9\okhttp-3.3.0.jar
java_class_path (initial): D:\android\sdk\build-tools\24.0.2\lib\dx.jar
Launcher Type: SUN_STANDARD

Environment Variables:
JAVA_HOME=C:\Program Files\Java\jdk1.8.0_101
CLASSPATH=C:\Program Files\Java\javamail-1.4.7\mail.jar;
PATH=C:\ProgramData\Oracle\Java\javapath;C:\Windows\system32;C:\Windows;C:\Windows\System32\Wbem;C:\Windows\System32\WindowsPowerShell\v1.0\;C:\Program Files (x86)\NVIDIA Corporation\PhysX\Common;C:\Program Files (x86)\Windows Kits\8.1\Windows Performance Toolkit\;C:\Program Files\Microsoft SQL Server\110\Tools\Binn\;C:\Program Files (x86)\Skype\Phone\;D:\Program Files\New Folder\;D:\Program Files\mat\runtime\win64;D:\Program Files\mat\bin;D:\Program Files\mat\polyspace\bin;C:\Program Files\Microsoft SQL Server\Client SDK\ODBC\110\Tools\Binn\;C:\Program Files (x86)\Microsoft SQL Server\120\Tools\Binn\;C:\Program Files\Microsoft SQL Server\120\Tools\Binn\;C:\Program Files\Microsoft SQL Server\120\DTS\Binn\;C:\Program Files (x86)\Microsoft SQL Server\120\Tools\Binn\ManagementStudio\;C:\Program Files (x86)\Microsoft SQL Server\120\DTS\Binn\;D:\Program Files\doxygen\bin;C:\Users\Brom\AppData\Local\Programs\Python\Python35-32\Scripts\;C:\Users\Brom\AppData\Local\Programs\Python\Python35-32\
USERNAME=Brom
OS=Windows_NT
PROCESSOR_IDENTIFIER=Intel64 Family 6 Model 58 Stepping 9, GenuineIntel



---------------  S Y S T E M  ---------------

OS: Windows 8.1 , 64 bit Build 9600 (6.3.9600.17415)

CPU:total 8 (4 cores per cpu, 2 threads per core) family 6 model 58 stepping 9, cmov, cx8, fxsr, mmx, sse, sse2, sse3, ssse3, sse4.1, sse4.2, popcnt, avx, aes, clmul, erms, ht, tsc, tscinvbit, tscinv

Memory: 4k page, physical 8199448k(387380k free), swap 11345176k(3164k free)

vm_info: Java HotSpot(TM) 64-Bit Server VM (25.101-b13) for windows-amd64 JRE (1.8.0_101-b13), built on Jun 22 2016 01:21:29 by "java_re" with MS VC++ 10.0 (VS2010)

time: Thu Jan 05 21:05:45 2017
elapsed time: 16 seconds (0d 0h 0m 16s)

