#
# There is insufficient memory for the Java Runtime Environment to continue.
# Native memory allocation (malloc) failed to allocate 262160 bytes for Chunk::new
# Possible reasons:
#   The system is out of physical RAM or swap space
#   In 32 bit mode, the process size limit was hit
# Possible solutions:
#   Reduce memory load on the system
#   Increase physical memory or swap space
#   Check if swap backing store is full
#   Use 64 bit Java on a 64 bit OS
#   Decrease Java heap size (-Xmx/-Xms)
#   Decrease number of Java threads
#   Decrease Java thread stack sizes (-Xss)
#   Set larger code cache with -XX:ReservedCodeCacheSize=
# This output file may be truncated or incomplete.
#
#  Out of Memory Error (allocation.cpp:390), pid=6096, tid=0x0000000000001840
#
# JRE version: Java(TM) SE Runtime Environment (8.0_101-b13) (build 1.8.0_101-b13)
# Java VM: Java HotSpot(TM) 64-Bit Server VM (25.101-b13 mixed mode windows-amd64 compressed oops)
# Failed to write core dump. Minidumps are not enabled by default on client versions of Windows
#

---------------  T H R E A D  ---------------

Current thread (0x00000000174e0800):  JavaThread "C2 CompilerThread1" daemon [_thread_in_native, id=6208, stack(0x0000000017cb0000,0x0000000017db0000)]

Stack: [0x0000000017cb0000,0x0000000017db0000]
[error occurred during error reporting (printing stack bounds), id 0xc0000005]

Native frames: (J=compiled Java code, j=interpreted, Vv=VM code, C=native code)


Current CompileTask:
C2:   2212 1654   !   4       com.android.dx.cf.code.BytecodeArray::parseInstruction (2764 bytes)


---------------  P R O C E S S  ---------------

Java Threads: ( => current thread )
  0x0000000017586000 JavaThread "Service Thread" daemon [_thread_blocked, id=8712, stack(0x0000000017fb0000,0x00000000180b0000)]
  0x00000000174ee800 JavaThread "C1 CompilerThread3" daemon [_thread_in_native, id=4944, stack(0x0000000017eb0000,0x0000000017fb0000)]
  0x00000000174e3800 JavaThread "C2 CompilerThread2" daemon [_thread_in_native, id=7316, stack(0x0000000017db0000,0x0000000017eb0000)]
=>0x00000000174e0800 JavaThread "C2 CompilerThread1" daemon [_thread_in_native, id=6208, stack(0x0000000017cb0000,0x0000000017db0000)]
  0x00000000174d9000 JavaThread "C2 CompilerThread0" daemon [_thread_in_native, id=5984, stack(0x0000000017bb0000,0x0000000017cb0000)]
  0x00000000174d7000 JavaThread "Attach Listener" daemon [_thread_blocked, id=4680, stack(0x0000000017ab0000,0x0000000017bb0000)]
  0x00000000174d6000 JavaThread "Signal Dispatcher" daemon [_thread_blocked, id=10020, stack(0x00000000179b0000,0x0000000017ab0000)]
  0x00000000015b9000 JavaThread "Finalizer" daemon [_thread_blocked, id=9840, stack(0x00000000178b0000,0x00000000179b0000)]
  0x00000000015b6000 JavaThread "Reference Handler" daemon [_thread_blocked, id=4800, stack(0x00000000173b0000,0x00000000174b0000)]
  0x00000000014c3000 JavaThread "main" [_thread_in_Java, id=7556, stack(0x00000000013c0000,0x00000000014c0000)]

Other Threads:
  0x00000000155e9000 VMThread [stack: 0x00000000172b0000,0x00000000173b0000] [id=4000]
  0x0000000017599000 WatcherThread [stack: 0x00000000180b0000,0x00000000181b0000] [id=3856]

VM state:not at safepoint (normal execution)

VM Mutex/Monitor currently owned by a thread: None

Heap:
 PSYoungGen      total 70656K, used 40456K [0x00000000eab00000, 0x00000000ef500000, 0x0000000100000000)
  eden space 65536K, 53% used [0x00000000eab00000,0x00000000ecd89c40,0x00000000eeb00000)
  from space 5120K, 99% used [0x00000000ef000000,0x00000000ef4f8718,0x00000000ef500000)
  to   space 5120K, 0% used [0x00000000eeb00000,0x00000000eeb00000,0x00000000ef000000)
 ParOldGen       total 86016K, used 13961K [0x00000000c0000000, 0x00000000c5400000, 0x00000000eab00000)
  object space 86016K, 16% used [0x00000000c0000000,0x00000000c0da2470,0x00000000c5400000)
 Metaspace       used 6528K, capacity 7416K, committed 7680K, reserved 1056768K
  class space    used 630K, capacity 688K, committed 768K, reserved 1048576K

Card table byte_map: [0x0000000001980000,0x0000000001b90000] byte_map_base: 0x0000000001380000

Marking Bits: (ParMarkBitMap*) 0x0000000073f8a6d0
 Begin Bits: [0x0000000012a00000, 0x0000000013a00000)
 End Bits:   [0x0000000013a00000, 0x0000000014a00000)

Polling page: 0x0000000001090000

CodeCache: size=245760Kb used=7570Kb max_used=7570Kb free=238189Kb
 bounds [0x0000000003400000, 0x0000000003b70000, 0x0000000012400000]
 total_blobs=2258 nmethods=1995 adapters=176
 compilation: enabled

Compilation events (10 events):
Event: 2.207 Thread 0x00000000174ee800 nmethod 2055 0x0000000003b61250 code [0x0000000003b613c0, 0x0000000003b61708]
Event: 2.207 Thread 0x00000000174ee800 2052       3       com.android.dx.rop.code.RegisterSpec::matchesVariable (68 bytes)
Event: 2.208 Thread 0x00000000174ee800 nmethod 2052 0x0000000003b66650 code [0x0000000003b66820, 0x0000000003b671b8]
Event: 2.208 Thread 0x00000000174ee800 2054   !   3       com.android.dx.dex.code.Dops::get (30 bytes)
Event: 2.208 Thread 0x00000000174ee800 nmethod 2054 0x0000000003b660d0 code [0x0000000003b66240, 0x0000000003b664c8]
Event: 2.209 Thread 0x00000000174ee800 2056       1       com.android.dx.dex.code.form.Form31c::codeSize (2 bytes)
Event: 2.209 Thread 0x00000000174ee800 nmethod 2056 0x0000000003b62a90 code [0x0000000003b62be0, 0x0000000003b62cf0]
Event: 2.209 Thread 0x00000000174ee800 2057       3       com.android.dx.dex.code.CstInsn::setClassIndex (37 bytes)
Event: 2.209 Thread 0x00000000174ee800 nmethod 2057 0x0000000003b68fd0 code [0x0000000003b69160, 0x0000000003b69498]
Event: 2.210 Thread 0x00000000174ee800 2058   !   3       com.android.dx.rop.cst.CstType::intern (48 bytes)

GC Heap History (8 events):
Event: 1.081 GC heap before
{Heap before GC invocations=1 (full 0):
 PSYoungGen      total 37888K, used 32768K [0x00000000eab00000, 0x00000000ed500000, 0x0000000100000000)
  eden space 32768K, 100% used [0x00000000eab00000,0x00000000ecb00000,0x00000000ecb00000)
  from space 5120K, 0% used [0x00000000ed000000,0x00000000ed000000,0x00000000ed500000)
  to   space 5120K, 0% used [0x00000000ecb00000,0x00000000ecb00000,0x00000000ed000000)
 ParOldGen       total 86016K, used 0K [0x00000000c0000000, 0x00000000c5400000, 0x00000000eab00000)
  object space 86016K, 0% used [0x00000000c0000000,0x00000000c0000000,0x00000000c5400000)
 Metaspace       used 5821K, capacity 6896K, committed 7040K, reserved 1056768K
  class space    used 591K, capacity 616K, committed 640K, reserved 1048576K
Event: 1.088 GC heap after
Heap after GC invocations=1 (full 0):
 PSYoungGen      total 37888K, used 5106K [0x00000000eab00000, 0x00000000ed500000, 0x0000000100000000)
  eden space 32768K, 0% used [0x00000000eab00000,0x00000000eab00000,0x00000000ecb00000)
  from space 5120K, 99% used [0x00000000ecb00000,0x00000000ecffc9f0,0x00000000ed000000)
  to   space 5120K, 0% used [0x00000000ed000000,0x00000000ed000000,0x00000000ed500000)
 ParOldGen       total 86016K, used 1641K [0x00000000c0000000, 0x00000000c5400000, 0x00000000eab00000)
  object space 86016K, 1% used [0x00000000c0000000,0x00000000c019a508,0x00000000c5400000)
 Metaspace       used 5821K, capacity 6896K, committed 7040K, reserved 1056768K
  class space    used 591K, capacity 616K, committed 640K, reserved 1048576K
}
Event: 1.342 GC heap before
{Heap before GC invocations=2 (full 0):
 PSYoungGen      total 37888K, used 37874K [0x00000000eab00000, 0x00000000ed500000, 0x0000000100000000)
  eden space 32768K, 100% used [0x00000000eab00000,0x00000000ecb00000,0x00000000ecb00000)
  from space 5120K, 99% used [0x00000000ecb00000,0x00000000ecffc9f0,0x00000000ed000000)
  to   space 5120K, 0% used [0x00000000ed000000,0x00000000ed000000,0x00000000ed500000)
 ParOldGen       total 86016K, used 1641K [0x00000000c0000000, 0x00000000c5400000, 0x00000000eab00000)
  object space 86016K, 1% used [0x00000000c0000000,0x00000000c019a508,0x00000000c5400000)
 Metaspace       used 6044K, capacity 6968K, committed 7040K, reserved 1056768K
  class space    used 611K, capacity 624K, committed 640K, reserved 1048576K
Event: 1.357 GC heap after
Heap after GC invocations=2 (full 0):
 PSYoungGen      total 37888K, used 5110K [0x00000000eab00000, 0x00000000ef500000, 0x0000000100000000)
  eden space 32768K, 0% used [0x00000000eab00000,0x00000000eab00000,0x00000000ecb00000)
  from space 5120K, 99% used [0x00000000ed000000,0x00000000ed4fd970,0x00000000ed500000)
  to   space 5120K, 0% used [0x00000000ecb00000,0x00000000ecb00000,0x00000000ed000000)
 ParOldGen       total 86016K, used 6091K [0x00000000c0000000, 0x00000000c5400000, 0x00000000eab00000)
  object space 86016K, 7% used [0x00000000c0000000,0x00000000c05f2e50,0x00000000c5400000)
 Metaspace       used 6044K, capacity 6968K, committed 7040K, reserved 1056768K
  class space    used 611K, capacity 624K, committed 640K, reserved 1048576K
}
Event: 1.717 GC heap before
{Heap before GC invocations=3 (full 0):
 PSYoungGen      total 37888K, used 37878K [0x00000000eab00000, 0x00000000ef500000, 0x0000000100000000)
  eden space 32768K, 100% used [0x00000000eab00000,0x00000000ecb00000,0x00000000ecb00000)
  from space 5120K, 99% used [0x00000000ed000000,0x00000000ed4fd970,0x00000000ed500000)
  to   space 5120K, 0% used [0x00000000ecb00000,0x00000000ecb00000,0x00000000ed000000)
 ParOldGen       total 86016K, used 6091K [0x00000000c0000000, 0x00000000c5400000, 0x00000000eab00000)
  object space 86016K, 7% used [0x00000000c0000000,0x00000000c05f2e50,0x00000000c5400000)
 Metaspace       used 6129K, capacity 7096K, committed 7296K, reserved 1056768K
  class space    used 611K, capacity 624K, committed 640K, reserved 1048576K
Event: 1.729 GC heap after
Heap after GC invocations=3 (full 0):
 PSYoungGen      total 37888K, used 5094K [0x00000000eab00000, 0x00000000ef500000, 0x0000000100000000)
  eden space 32768K, 0% used [0x00000000eab00000,0x00000000eab00000,0x00000000ecb00000)
  from space 5120K, 99% used [0x00000000ecb00000,0x00000000ecff9960,0x00000000ed000000)
  to   space 5120K, 0% used [0x00000000ef000000,0x00000000ef000000,0x00000000ef500000)
 ParOldGen       total 86016K, used 9562K [0x00000000c0000000, 0x00000000c5400000, 0x00000000eab00000)
  object space 86016K, 11% used [0x00000000c0000000,0x00000000c0956840,0x00000000c5400000)
 Metaspace       used 6129K, capacity 7096K, committed 7296K, reserved 1056768K
  class space    used 611K, capacity 624K, committed 640K, reserved 1048576K
}
Event: 1.850 GC heap before
{Heap before GC invocations=4 (full 0):
 PSYoungGen      total 37888K, used 37862K [0x00000000eab00000, 0x00000000ef500000, 0x0000000100000000)
  eden space 32768K, 100% used [0x00000000eab00000,0x00000000ecb00000,0x00000000ecb00000)
  from space 5120K, 99% used [0x00000000ecb00000,0x00000000ecff9960,0x00000000ed000000)
  to   space 5120K, 0% used [0x00000000ef000000,0x00000000ef000000,0x00000000ef500000)
 ParOldGen       total 86016K, used 9562K [0x00000000c0000000, 0x00000000c5400000, 0x00000000eab00000)
  object space 86016K, 11% used [0x00000000c0000000,0x00000000c0956840,0x00000000c5400000)
 Metaspace       used 6173K, capacity 7096K, committed 7296K, reserved 1056768K
  class space    used 611K, capacity 624K, committed 640K, reserved 1048576K
Event: 1.865 GC heap after
Heap after GC invocations=4 (full 0):
 PSYoungGen      total 70656K, used 5089K [0x00000000eab00000, 0x00000000ef500000, 0x0000000100000000)
  eden space 65536K, 0% used [0x00000000eab00000,0x00000000eab00000,0x00000000eeb00000)
  from space 5120K, 99% used [0x00000000ef000000,0x00000000ef4f8718,0x00000000ef500000)
  to   space 5120K, 0% used [0x00000000eeb00000,0x00000000eeb00000,0x00000000ef000000)
 ParOldGen       total 86016K, used 13961K [0x00000000c0000000, 0x00000000c5400000, 0x00000000eab00000)
  object space 86016K, 16% used [0x00000000c0000000,0x00000000c0da2470,0x00000000c5400000)
 Metaspace       used 6173K, capacity 7096K, committed 7296K, reserved 1056768K
  class space    used 611K, capacity 624K, committed 640K, reserved 1048576K
}

Deoptimization events (10 events):
Event: 1.899 Thread 0x0000000017890800 Uncommon trap: reason=bimorphic action=maybe_recompile pc=0x00000000039d4fd0 method=com.android.dx.cf.code.BytecodeArray.parseInstruction(ILcom/android/dx/cf/code/BytecodeArray$Visitor;)I @ 1287
Event: 1.985 Thread 0x00000000014c3000 Uncommon trap: reason=class_check action=maybe_recompile pc=0x00000000037a3e38 method=java.util.Arrays.hashCode([Ljava/lang/Object;)I @ 43
Event: 1.986 Thread 0x00000000014c3000 Uncommon trap: reason=class_check action=maybe_recompile pc=0x00000000037a3e38 method=java.util.Arrays.hashCode([Ljava/lang/Object;)I @ 43
Event: 1.986 Thread 0x00000000014c3000 Uncommon trap: reason=class_check action=maybe_recompile pc=0x00000000037a3e38 method=java.util.Arrays.hashCode([Ljava/lang/Object;)I @ 43
Event: 1.986 Thread 0x00000000014c3000 Uncommon trap: reason=class_check action=maybe_recompile pc=0x00000000037a3e38 method=java.util.Arrays.hashCode([Ljava/lang/Object;)I @ 43
Event: 2.085 Thread 0x00000000014c3000 Uncommon trap: reason=speculate_class_check action=maybe_recompile pc=0x00000000036b1654 method=com.android.dx.util.FixedSizeList.equals(Ljava/lang/Object;)Z @ 25
Event: 2.085 Thread 0x00000000014c3000 Uncommon trap: reason=speculate_class_check action=maybe_recompile pc=0x00000000036b1654 method=com.android.dx.util.FixedSizeList.equals(Ljava/lang/Object;)Z @ 25
Event: 2.085 Thread 0x00000000014c3000 Uncommon trap: reason=speculate_class_check action=maybe_recompile pc=0x00000000036b1654 method=com.android.dx.util.FixedSizeList.equals(Ljava/lang/Object;)Z @ 25
Event: 2.085 Thread 0x00000000014c3000 Uncommon trap: reason=speculate_class_check action=maybe_recompile pc=0x00000000036b1654 method=com.android.dx.util.FixedSizeList.equals(Ljava/lang/Object;)Z @ 25
Event: 2.196 Thread 0x00000000014c3000 Uncommon trap: reason=unstable_if action=reinterpret pc=0x0000000003b558a4 method=com.android.dx.dex.code.LocalList$MakeState.filterSpec(Lcom/android/dx/rop/code/RegisterSpec;)Lcom/android/dx/rop/code/RegisterSpec; @ 11

Internal exceptions (6 events):
Event: 0.094 Thread 0x00000000014c3000 Exception <a 'java/lang/NoSuchMethodError': Method sun.misc.Unsafe.defineClass(Ljava/lang/String;[BII)Ljava/lang/Class; name or signature does not match> (0x00000000eab07cc0) thrown at [C:\re\workspace\8-2-build-windows-amd64-cygwin\jdk8u101\7261\hotspot\s¦bÆt§ö·?
Event: 0.094 Thread 0x00000000014c3000 Exception <a 'java/lang/NoSuchMethodError': Method sun.misc.Unsafe.prefetchRead(Ljava/lang/Object;J)V name or signature does not match> (0x00000000eab07fa8) thrown at [C:\re\workspace\8-2-build-windows-amd64-cygwin\jdk8u101\7261\hotspot\src\share\vm\prims\<7þ}N4ò?
Event: 1.138 Thread 0x00000000183bd000 Implicit null exception at 0x000000000369fa0f to 0x00000000036a1109
Event: 1.313 Thread 0x00000000183c0800 Exception <a 'java/lang/ArrayIndexOutOfBoundsException': 18> (0x00000000ec775268) thrown at [C:\re\workspace\8-2-build-windows-amd64-cygwin\jdk8u101\7261\hotspot\src\share\vm\interpreter\interpreterRuntime.cpp, line 366]
Event: 1.313 Thread 0x00000000183c0800 Exception <a 'java/lang/ArrayIndexOutOfBoundsException': 145> (0x00000000ec776de8) thrown at [C:\re\workspace\8-2-build-windows-amd64-cygwin\jdk8u101\7261\hotspot\src\share\vm\interpreter\interpreterRuntime.cpp, line 366]
Event: 1.314 Thread 0x00000000183c0800 Exception <a 'java/lang/ArrayIndexOutOfBoundsException': 40> (0x00000000ec7780d0) thrown at [C:\re\workspace\8-2-build-windows-amd64-cygwin\jdk8u101\7261\hotspot\src\share\vm\interpreter\interpreterRuntime.cpp, line 366]

Events (10 events):
Event: 2.162 Thread 0x00000000014c3000 DEOPT UNPACKING pc=0x000000000344787f sp=0x00000000014bebd8 mode 0
Event: 2.163 Thread 0x00000000014c3000 DEOPT PACKING pc=0x0000000003ad634d sp=0x00000000014beea0
Event: 2.163 Thread 0x00000000014c3000 DEOPT UNPACKING pc=0x000000000344787f sp=0x00000000014bebf8 mode 0
Event: 2.164 Thread 0x00000000014c3000 DEOPT PACKING pc=0x0000000003ad5a79 sp=0x00000000014beee0
Event: 2.164 Thread 0x00000000014c3000 DEOPT UNPACKING pc=0x000000000344787f sp=0x00000000014bec60 mode 0
Event: 2.172 Thread 0x00000000014c3000 DEOPT PACKING pc=0x0000000003adac91 sp=0x00000000014bede0
Event: 2.172 Thread 0x00000000014c3000 DEOPT UNPACKING pc=0x000000000344787f sp=0x00000000014beb68 mode 0
Event: 2.196 Thread 0x00000000014c3000 Uncommon trap: trap_request=0xffffff65 fr.pc=0x0000000003b558a4
Event: 2.196 Thread 0x00000000014c3000 DEOPT PACKING pc=0x0000000003b558a4 sp=0x00000000014bee00
Event: 2.196 Thread 0x00000000014c3000 DEOPT UNPACKING pc=0x000000000344582a sp=0x00000000014bed80 mode 2


Dynamic libraries:
0x00007ff6ac6b0000 - 0x00007ff6ac6e7000 	C:\Program Files\Java\jdk1.8.0_101\bin\java.exe
0x00007ffc46ec0000 - 0x00007ffc4706d000 	C:\Windows\SYSTEM32\ntdll.dll
0x00007ffc44540000 - 0x00007ffc4467e000 	C:\Windows\system32\KERNEL32.DLL
0x00007ffc441e0000 - 0x00007ffc442f5000 	C:\Windows\system32\KERNELBASE.dll
0x00007ffc42c70000 - 0x00007ffc42cfe000 	C:\Windows\system32\apphelp.dll
0x00007ffc3ccd0000 - 0x00007ffc3cd23000 	C:\Windows\AppPatch\AppPatch64\AcGenral.DLL
0x00007ffc44730000 - 0x00007ffc447da000 	C:\Windows\system32\msvcrt.dll
0x00007ffc441b0000 - 0x00007ffc441de000 	C:\Windows\system32\SspiCli.dll
0x00007ffc468f0000 - 0x00007ffc46944000 	C:\Windows\system32\SHLWAPI.dll
0x00007ffc44b60000 - 0x00007ffc44cd7000 	C:\Windows\system32\USER32.dll
0x00007ffc46a10000 - 0x00007ffc46ba4000 	C:\Windows\system32\ole32.dll
0x00007ffc450c0000 - 0x00007ffc465e8000 	C:\Windows\system32\SHELL32.dll
0x00007ffc43610000 - 0x00007ffc43631000 	C:\Windows\SYSTEM32\USERENV.dll
0x00007ffc44680000 - 0x00007ffc4472a000 	C:\Windows\system32\ADVAPI32.dll
0x00007ffc3b470000 - 0x00007ffc3b48e000 	C:\Windows\SYSTEM32\MPR.dll
0x00007ffc46750000 - 0x00007ffc46890000 	C:\Windows\system32\RPCRT4.dll
0x00007ffc46d90000 - 0x00007ffc46de9000 	C:\Windows\SYSTEM32\sechost.dll
0x00007ffc44cf0000 - 0x00007ffc44f01000 	C:\Windows\SYSTEM32\combase.dll
0x00007ffc44f10000 - 0x00007ffc4505f000 	C:\Windows\system32\GDI32.dll
0x00007ffc43fe0000 - 0x00007ffc43ff5000 	C:\Windows\SYSTEM32\profapi.dll
0x00007ffc42620000 - 0x00007ffc426d2000 	C:\Windows\SYSTEM32\SHCORE.dll
0x00007ffc46e10000 - 0x00007ffc46e46000 	C:\Windows\system32\IMM32.DLL
0x00007ffc465f0000 - 0x00007ffc46742000 	C:\Windows\system32\MSCTF.dll
0x00007ffc421a0000 - 0x00007ffc4241b000 	C:\Windows\WinSxS\amd64_microsoft.windows.common-controls_6595b64144ccf1df_6.0.9600.18006_none_623f33d3ecbe86e8\COMCTL32.dll
0x0000000073360000 - 0x0000000073432000 	C:\Program Files\Java\jdk1.8.0_101\jre\bin\msvcr100.dll
0x0000000073770000 - 0x000000007400a000 	C:\Program Files\Java\jdk1.8.0_101\jre\bin\server\jvm.dll
0x00007ffc40930000 - 0x00007ffc40939000 	C:\Windows\SYSTEM32\WSOCK32.dll
0x00007ffc42000000 - 0x00007ffc42022000 	C:\Windows\SYSTEM32\WINMM.dll
0x00007ffc41f20000 - 0x00007ffc41f2a000 	C:\Windows\SYSTEM32\VERSION.dll
0x00007ffc44a90000 - 0x00007ffc44a97000 	C:\Windows\system32\PSAPI.DLL
0x00007ffc46890000 - 0x00007ffc468ea000 	C:\Windows\system32\WS2_32.dll
0x00007ffc41f60000 - 0x00007ffc41f8a000 	C:\Windows\SYSTEM32\WINMMBASE.dll
0x00007ffc44ce0000 - 0x00007ffc44ce9000 	C:\Windows\system32\NSI.dll
0x00007ffc440b0000 - 0x00007ffc440ff000 	C:\Windows\SYSTEM32\cfgmgr32.dll
0x00007ffc42ec0000 - 0x00007ffc42ee8000 	C:\Windows\SYSTEM32\DEVOBJ.dll
0x0000000074470000 - 0x000000007447f000 	C:\Program Files\Java\jdk1.8.0_101\jre\bin\verify.dll
0x0000000074440000 - 0x0000000074469000 	C:\Program Files\Java\jdk1.8.0_101\jre\bin\java.dll
0x0000000074420000 - 0x0000000074436000 	C:\Program Files\Java\jdk1.8.0_101\jre\bin\zip.dll

VM Arguments:
jvm_args: -Djava.awt.headless=true -Xmx1024M -Dfile.encoding=windows-1251 -Duser.country=RU -Duser.language=ru -Duser.variant 
java_command: com.android.dx.command.Main --dex --force-jumbo --num-threads=4 --output C:\Users\Brom\.AndroidStudio2.1\APIvk\app\build\intermediates\pre-dexed\debug\com.android.support-support-core-ui-25.1.0_3d2a0a118f8bc80f9689701ef6b6af7cdf1b67d7.jar C:\Users\Brom\.AndroidStudio2.1\APIvk\app\build\intermediates\exploded-aar\com.android.support\support-core-ui\25.1.0\jars\classes.jar
java_class_path (initial): D:\android\sdk\build-tools\24.0.2\lib\dx.jar
Launcher Type: SUN_STANDARD

Environment Variables:
JAVA_HOME=C:\Program Files\Java\jdk1.8.0_101
CLASSPATH=C:\Program Files\Java\javamail-1.4.7\mail.jar;
PATH=C:\ProgramData\Oracle\Java\javapath;C:\Windows\system32;C:\Windows;C:\Windows\System32\Wbem;C:\Windows\System32\WindowsPowerShell\v1.0\;C:\Program Files (x86)\NVIDIA Corporation\PhysX\Common;C:\Program Files (x86)\Windows Kits\8.1\Windows Performance Toolkit\;C:\Program Files\Microsoft SQL Server\110\Tools\Binn\;C:\Program Files (x86)\Skype\Phone\;D:\Program Files\New Folder\;D:\Program Files\mat\runtime\win64;D:\Program Files\mat\bin;D:\Program Files\mat\polyspace\bin;C:\Program Files\Microsoft SQL Server\Client SDK\ODBC\110\Tools\Binn\;C:\Program Files (x86)\Microsoft SQL Server\120\Tools\Binn\;C:\Program Files\Microsoft SQL Server\120\Tools\Binn\;C:\Program Files\Microsoft SQL Server\120\DTS\Binn\;C:\Program Files (x86)\Microsoft SQL Server\120\Tools\Binn\ManagementStudio\;C:\Program Files (x86)\Microsoft SQL Server\120\DTS\Binn\;D:\Program Files\doxygen\bin;C:\Users\Brom\AppData\Local\Programs\Python\Python35-32\Scripts\;C:\Users\Brom\AppData\Local\Programs\Python\Python35-32\
USERNAME=Brom
OS=Windows_NT
PROCESSOR_IDENTIFIER=Intel64 Family 6 Model 58 Stepping 9, GenuineIntel



---------------  S Y S T E M  ---------------

OS: Windows 8.1 , 64 bit Build 9600 (6.3.9600.17415)

CPU:total 8 (4 cores per cpu, 2 threads per core) family 6 model 58 stepping 9, cmov, cx8, fxsr, mmx, sse, sse2, sse3, ssse3, sse4.1, sse4.2, popcnt, avx, aes, clmul, erms, ht, tsc, tscinvbit, tscinv

Memory: 4k page, physical 8199448k(469800k free), swap 11345176k(5052k free)

vm_info: Java HotSpot(TM) 64-Bit Server VM (25.101-b13) for windows-amd64 JRE (1.8.0_101-b13), built on Jun 22 2016 01:21:29 by "java_re" with MS VC++ 10.0 (VS2010)

time: Thu Jan 05 21:06:29 2017
elapsed time: 2 seconds (0d 0h 0m 2s)

