#
# There is insufficient memory for the Java Runtime Environment to continue.
# Native memory allocation (malloc) failed to allocate 777776 bytes for Chunk::new
# Possible reasons:
#   The system is out of physical RAM or swap space
#   In 32 bit mode, the process size limit was hit
# Possible solutions:
#   Reduce memory load on the system
#   Increase physical memory or swap space
#   Check if swap backing store is full
#   Use 64 bit Java on a 64 bit OS
#   Decrease Java heap size (-Xmx/-Xms)
#   Decrease number of Java threads
#   Decrease Java thread stack sizes (-Xss)
#   Set larger code cache with -XX:ReservedCodeCacheSize=
# This output file may be truncated or incomplete.
#
#  Out of Memory Error (allocation.cpp:390), pid=8804, tid=0x000000000000221c
#
# JRE version: Java(TM) SE Runtime Environment (8.0_101-b13) (build 1.8.0_101-b13)
# Java VM: Java HotSpot(TM) 64-Bit Server VM (25.101-b13 mixed mode windows-amd64 compressed oops)
# Failed to write core dump. Minidumps are not enabled by default on client versions of Windows
#

---------------  T H R E A D  ---------------

Current thread (0x0000000017723000):  JavaThread "C2 CompilerThread1" daemon [_thread_in_native, id=8732, stack(0x0000000017fd0000,0x00000000180d0000)]

Stack: [0x0000000017fd0000,0x00000000180d0000]
[error occurred during error reporting (printing stack bounds), id 0xc0000005]

Native frames: (J=compiled Java code, j=interpreted, Vv=VM code, C=native code)


Current CompileTask:
C2:    768  995   !   4       com.android.dx.cf.code.BytecodeArray::parseInstruction (2764 bytes)


---------------  P R O C E S S  ---------------

Java Threads: ( => current thread )
  0x00000000179fc000 JavaThread "pool-1-thread-4" [_thread_in_Java, id=9780, stack(0x00000000188d0000,0x00000000189d0000)]
  0x00000000179dc000 JavaThread "pool-1-thread-2" [_thread_in_Java, id=4420, stack(0x00000000186d0000,0x00000000187d0000)]
  0x00000000179cd000 JavaThread "pool-2-thread-1" [_thread_blocked, id=6784, stack(0x00000000185d0000,0x00000000186d0000)]
  0x00000000177bf800 JavaThread "Service Thread" daemon [_thread_blocked, id=8660, stack(0x00000000182d0000,0x00000000183d0000)]
  0x0000000017729000 JavaThread "C1 CompilerThread3" daemon [_thread_in_native, id=3684, stack(0x00000000181d0000,0x00000000182d0000)]
  0x00000000157fb000 JavaThread "C2 CompilerThread2" daemon [_thread_in_native, id=3116, stack(0x00000000180d0000,0x00000000181d0000)]
=>0x0000000017723000 JavaThread "C2 CompilerThread1" daemon [_thread_in_native, id=8732, stack(0x0000000017fd0000,0x00000000180d0000)]
  0x000000001771f000 JavaThread "C2 CompilerThread0" daemon [_thread_in_native, id=1460, stack(0x0000000017ed0000,0x0000000017fd0000)]
  0x000000001771c000 JavaThread "Attach Listener" daemon [_thread_blocked, id=5772, stack(0x0000000017dd0000,0x0000000017ed0000)]
  0x000000001771a800 JavaThread "Signal Dispatcher" daemon [_thread_blocked, id=8112, stack(0x0000000017cd0000,0x0000000017dd0000)]
  0x0000000017710800 JavaThread "Finalizer" daemon [_thread_blocked, id=6992, stack(0x0000000017af0000,0x0000000017bf0000)]
  0x0000000001894000 JavaThread "Reference Handler" daemon [_thread_blocked, id=8968, stack(0x00000000175f0000,0x00000000176f0000)]
  0x00000000017a3000 JavaThread "main" [_thread_blocked, id=6844, stack(0x00000000016a0000,0x00000000017a0000)]

Other Threads:
  0x00000000157e9800 VMThread [stack: 0x00000000174f0000,0x00000000175f0000] [id=2532]
  0x00000000177d3800 WatcherThread [stack: 0x00000000183d0000,0x00000000184d0000] [id=8220]

VM state:not at safepoint (normal execution)

VM Mutex/Monitor currently owned by a thread: None

Heap:
 PSYoungGen      total 70656K, used 20267K [0x00000000eab00000, 0x00000000ef500000, 0x0000000100000000)
  eden space 65536K, 23% used [0x00000000eab00000,0x00000000eb9ccc50,0x00000000eeb00000)
  from space 5120K, 99% used [0x00000000ef000000,0x00000000ef4fe0e0,0x00000000ef500000)
  to   space 5120K, 0% used [0x00000000eeb00000,0x00000000eeb00000,0x00000000ef000000)
 ParOldGen       total 86016K, used 8261K [0x00000000c0000000, 0x00000000c5400000, 0x00000000eab00000)
  object space 86016K, 9% used [0x00000000c0000000,0x00000000c08116d0,0x00000000c5400000)
 Metaspace       used 5864K, capacity 6960K, committed 7040K, reserved 1056768K
  class space    used 589K, capacity 616K, committed 640K, reserved 1048576K

Card table byte_map: [0x0000000001c60000,0x0000000001e70000] byte_map_base: 0x0000000001660000

Marking Bits: (ParMarkBitMap*) 0x0000000073f8a6d0
 Begin Bits: [0x0000000012c00000, 0x0000000013c00000)
 End Bits:   [0x0000000013c00000, 0x0000000014c00000)

Polling page: 0x0000000001180000

CodeCache: size=245760Kb used=4478Kb max_used=4485Kb free=241281Kb
 bounds [0x0000000003400000, 0x0000000003870000, 0x0000000012400000]
 total_blobs=1476 nmethods=1214 adapters=175
 compilation: enabled

Compilation events (10 events):
Event: 0.763 Thread 0x0000000017729000 nmethod 1254 0x000000000385a510 code [0x000000000385a6a0, 0x000000000385aa48]
Event: 0.763 Thread 0x0000000017729000 1255   !   2       com.android.dx.rop.type.Type::putIntern (50 bytes)
Event: 0.764 Thread 0x0000000017729000 nmethod 1255 0x000000000385ac10 code [0x000000000385adc0, 0x000000000385b298]
Event: 0.764 Thread 0x0000000017729000 1054       1       com.android.dx.dex.file.DexFile::getStringIds (5 bytes)
Event: 0.764 Thread 0x0000000017729000 nmethod 1054 0x000000000385b690 code [0x000000000385b7e0, 0x000000000385b8f0]
Event: 0.764 Thread 0x0000000017729000 1248       1       com.android.dx.cf.code.SwitchList::getTargets (5 bytes)
Event: 0.764 Thread 0x0000000017729000 nmethod 1248 0x000000000385b950 code [0x000000000385baa0, 0x000000000385bbb0]
Event: 0.764 Thread 0x0000000017729000 1112       1       com.android.dx.cf.attrib.InnerClassList$Item::getOuterClass (5 bytes)
Event: 0.764 Thread 0x0000000017729000 nmethod 1112 0x000000000385bc10 code [0x000000000385bd60, 0x000000000385be70]
Event: 0.766 Thread 0x0000000017729000 1257       2       com.android.dx.cf.code.Ropper::getRopMethod (64 bytes)

GC Heap History (4 events):
Event: 0.542 GC heap before
{Heap before GC invocations=1 (full 0):
 PSYoungGen      total 37888K, used 32768K [0x00000000eab00000, 0x00000000ed500000, 0x0000000100000000)
  eden space 32768K, 100% used [0x00000000eab00000,0x00000000ecb00000,0x00000000ecb00000)
  from space 5120K, 0% used [0x00000000ed000000,0x00000000ed000000,0x00000000ed500000)
  to   space 5120K, 0% used [0x00000000ecb00000,0x00000000ecb00000,0x00000000ed000000)
 ParOldGen       total 86016K, used 0K [0x00000000c0000000, 0x00000000c5400000, 0x00000000eab00000)
  object space 86016K, 0% used [0x00000000c0000000,0x00000000c0000000,0x00000000c5400000)
 Metaspace       used 5734K, capacity 6896K, committed 7040K, reserved 1056768K
  class space    used 585K, capacity 616K, committed 640K, reserved 1048576K
Event: 0.550 GC heap after
Heap after GC invocations=1 (full 0):
 PSYoungGen      total 37888K, used 5103K [0x00000000eab00000, 0x00000000ef500000, 0x0000000100000000)
  eden space 32768K, 0% used [0x00000000eab00000,0x00000000eab00000,0x00000000ecb00000)
  from space 5120K, 99% used [0x00000000ecb00000,0x00000000ecffbcb0,0x00000000ed000000)
  to   space 5120K, 0% used [0x00000000ef000000,0x00000000ef000000,0x00000000ef500000)
 ParOldGen       total 86016K, used 2061K [0x00000000c0000000, 0x00000000c5400000, 0x00000000eab00000)
  object space 86016K, 2% used [0x00000000c0000000,0x00000000c02037a8,0x00000000c5400000)
 Metaspace       used 5734K, capacity 6896K, committed 7040K, reserved 1056768K
  class space    used 585K, capacity 616K, committed 640K, reserved 1048576K
}
Event: 0.696 GC heap before
{Heap before GC invocations=2 (full 0):
 PSYoungGen      total 37888K, used 37871K [0x00000000eab00000, 0x00000000ef500000, 0x0000000100000000)
  eden space 32768K, 100% used [0x00000000eab00000,0x00000000ecb00000,0x00000000ecb00000)
  from space 5120K, 99% used [0x00000000ecb00000,0x00000000ecffbcb0,0x00000000ed000000)
  to   space 5120K, 0% used [0x00000000ef000000,0x00000000ef000000,0x00000000ef500000)
 ParOldGen       total 86016K, used 2061K [0x00000000c0000000, 0x00000000c5400000, 0x00000000eab00000)
  object space 86016K, 2% used [0x00000000c0000000,0x00000000c02037a8,0x00000000c5400000)
 Metaspace       used 5804K, capacity 6960K, committed 7040K, reserved 1056768K
  class space    used 586K, capacity 616K, committed 640K, reserved 1048576K
Event: 0.708 GC heap after
Heap after GC invocations=2 (full 0):
 PSYoungGen      total 70656K, used 5112K [0x00000000eab00000, 0x00000000ef500000, 0x0000000100000000)
  eden space 65536K, 0% used [0x00000000eab00000,0x00000000eab00000,0x00000000eeb00000)
  from space 5120K, 99% used [0x00000000ef000000,0x00000000ef4fe0e0,0x00000000ef500000)
  to   space 5120K, 0% used [0x00000000eeb00000,0x00000000eeb00000,0x00000000ef000000)
 ParOldGen       total 86016K, used 8261K [0x00000000c0000000, 0x00000000c5400000, 0x00000000eab00000)
  object space 86016K, 9% used [0x00000000c0000000,0x00000000c08116d0,0x00000000c5400000)
 Metaspace       used 5804K, capacity 6960K, committed 7040K, reserved 1056768K
  class space    used 586K, capacity 616K, committed 640K, reserved 1048576K
}

Deoptimization events (8 events):
Event: 0.291 Thread 0x00000000179d0000 Uncommon trap: reason=unstable_if action=reinterpret pc=0x000000000357fc9c method=com.android.dx.rop.cst.Constant.compareTo(Lcom/android/dx/rop/cst/Constant;)I @ 12
Event: 0.347 Thread 0x00000000017a3000 Uncommon trap: reason=unstable_if action=reinterpret pc=0x00000000035f9eb0 method=java.util.BitSet.nextSetBit(I)I @ 87
Event: 0.364 Thread 0x00000000179dc000 Uncommon trap: reason=unstable_if action=reinterpret pc=0x00000000035d21d8 method=java.util.HashMap.getNode(ILjava/lang/Object;)Ljava/util/HashMap$Node; @ 129
Event: 0.398 Thread 0x00000000179fc000 Uncommon trap: reason=unstable_if action=reinterpret pc=0x000000000365ea40 method=com.android.dx.rop.code.RegisterSpec.equals(ILcom/android/dx/rop/type/TypeBearer;Lcom/android/dx/rop/code/LocalItem;)Z @ 16
Event: 0.541 Thread 0x00000000179dc000 Uncommon trap: reason=unstable_if action=reinterpret pc=0x0000000003720afc method=com.android.dx.rop.code.RegisterSpec.withReg(I)Lcom/android/dx/rop/code/RegisterSpec; @ 5
Event: 0.627 Thread 0x00000000017a3000 Uncommon trap: reason=unstable_if action=reinterpret pc=0x0000000003588dd0 method=java.lang.String.<init>([CII)V @ 18
Event: 0.637 Thread 0x00000000179d0000 Uncommon trap: reason=null_check action=make_not_entrant pc=0x00000000036f28ec method=com.android.dx.ssa.SsaRenamer.getLocalForNewReg(I)Lcom/android/dx/rop/code/LocalItem; @ 19
Event: 0.637 Thread 0x00000000179d0000 Uncommon trap: reason=null_check action=make_not_entrant pc=0x000000000368f508 method=com.android.dx.ssa.SsaRenamer.getLocalForNewReg(I)Lcom/android/dx/rop/code/LocalItem; @ 19

Internal exceptions (4 events):
Event: 0.031 Thread 0x00000000017a3000 Exception <a 'java/lang/NoSuchMethodError': Method sun.misc.Unsafe.defineClass(Ljava/lang/String;[BII)Ljava/lang/Class; name or signature does not match> (0x00000000eab07cc0) thrown at [C:\re\workspace\8-2-build-windows-amd64-cygwin\jdk8u101\7261\hotspot\sÑìV†ÎŸ?
Event: 0.031 Thread 0x00000000017a3000 Exception <a 'java/lang/NoSuchMethodError': Method sun.misc.Unsafe.prefetchRead(Ljava/lang/Object;J)V name or signature does not match> (0x00000000eab07fa8) thrown at [C:\re\workspace\8-2-build-windows-amd64-cygwin\jdk8u101\7261\hotspot\src\share\vm\prims\.²g„9cä?
Event: 0.637 Thread 0x00000000179d0000 Implicit null exception at 0x00000000036f0c6b to 0x00000000036f289d
Event: 0.637 Thread 0x00000000179d0000 Implicit null exception at 0x000000000368dc3c to 0x000000000368f4e9

Events (10 events):
Event: 0.722 loading class java/util/TreeMap$EntrySet
Event: 0.722 loading class java/util/TreeMap$EntrySet done
Event: 0.722 loading class java/util/TreeMap$EntryIterator
Event: 0.722 loading class java/util/TreeMap$EntryIterator done
Event: 0.722 Executing VM operation: Deoptimize
Event: 0.722 Executing VM operation: Deoptimize done
Event: 0.726 Thread 0x00000000179d0000 DEOPT PACKING pc=0x0000000003801f1b sp=0x00000000188ce880
Event: 0.726 Thread 0x00000000179d0000 DEOPT UNPACKING pc=0x000000000344787f sp=0x00000000188ce618 mode 0
Event: 0.744 Thread 0x00000000179d0000 Thread exited: 0x00000000179d0000
Event: 0.758 Thread 0x00000000179a8800 Thread exited: 0x00000000179a8800


Dynamic libraries:
0x00007ff6ac6b0000 - 0x00007ff6ac6e7000 	C:\Program Files\Java\jdk1.8.0_101\bin\java.exe
0x00007ffc46ec0000 - 0x00007ffc4706d000 	C:\Windows\SYSTEM32\ntdll.dll
0x00007ffc44540000 - 0x00007ffc4467e000 	C:\Windows\system32\KERNEL32.DLL
0x00007ffc441e0000 - 0x00007ffc442f5000 	C:\Windows\system32\KERNELBASE.dll
0x00007ffc42c70000 - 0x00007ffc42cfe000 	C:\Windows\system32\apphelp.dll
0x00007ffc3ccd0000 - 0x00007ffc3cd23000 	C:\Windows\AppPatch\AppPatch64\AcGenral.DLL
0x00007ffc44730000 - 0x00007ffc447da000 	C:\Windows\system32\msvcrt.dll
0x00007ffc441b0000 - 0x00007ffc441de000 	C:\Windows\system32\SspiCli.dll
0x00007ffc468f0000 - 0x00007ffc46944000 	C:\Windows\system32\SHLWAPI.dll
0x00007ffc44b60000 - 0x00007ffc44cd7000 	C:\Windows\system32\USER32.dll
0x00007ffc46a10000 - 0x00007ffc46ba4000 	C:\Windows\system32\ole32.dll
0x00007ffc450c0000 - 0x00007ffc465e8000 	C:\Windows\system32\SHELL32.dll
0x00007ffc43610000 - 0x00007ffc43631000 	C:\Windows\SYSTEM32\USERENV.dll
0x00007ffc44680000 - 0x00007ffc4472a000 	C:\Windows\system32\ADVAPI32.dll
0x00007ffc3b470000 - 0x00007ffc3b48e000 	C:\Windows\SYSTEM32\MPR.dll
0x00007ffc46750000 - 0x00007ffc46890000 	C:\Windows\system32\RPCRT4.dll
0x00007ffc46d90000 - 0x00007ffc46de9000 	C:\Windows\SYSTEM32\sechost.dll
0x00007ffc44cf0000 - 0x00007ffc44f01000 	C:\Windows\SYSTEM32\combase.dll
0x00007ffc44f10000 - 0x00007ffc4505f000 	C:\Windows\system32\GDI32.dll
0x00007ffc43fe0000 - 0x00007ffc43ff5000 	C:\Windows\SYSTEM32\profapi.dll
0x00007ffc42620000 - 0x00007ffc426d2000 	C:\Windows\SYSTEM32\SHCORE.dll
0x00007ffc46e10000 - 0x00007ffc46e46000 	C:\Windows\system32\IMM32.DLL
0x00007ffc465f0000 - 0x00007ffc46742000 	C:\Windows\system32\MSCTF.dll
0x00007ffc421a0000 - 0x00007ffc4241b000 	C:\Windows\WinSxS\amd64_microsoft.windows.common-controls_6595b64144ccf1df_6.0.9600.18006_none_623f33d3ecbe86e8\COMCTL32.dll
0x0000000073360000 - 0x0000000073432000 	C:\Program Files\Java\jdk1.8.0_101\jre\bin\msvcr100.dll
0x0000000073770000 - 0x000000007400a000 	C:\Program Files\Java\jdk1.8.0_101\jre\bin\server\jvm.dll
0x00007ffc40930000 - 0x00007ffc40939000 	C:\Windows\SYSTEM32\WSOCK32.dll
0x00007ffc42000000 - 0x00007ffc42022000 	C:\Windows\SYSTEM32\WINMM.dll
0x00007ffc41f20000 - 0x00007ffc41f2a000 	C:\Windows\SYSTEM32\VERSION.dll
0x00007ffc44a90000 - 0x00007ffc44a97000 	C:\Windows\system32\PSAPI.DLL
0x00007ffc46890000 - 0x00007ffc468ea000 	C:\Windows\system32\WS2_32.dll
0x00007ffc41f60000 - 0x00007ffc41f8a000 	C:\Windows\SYSTEM32\WINMMBASE.dll
0x00007ffc44ce0000 - 0x00007ffc44ce9000 	C:\Windows\system32\NSI.dll
0x00007ffc440b0000 - 0x00007ffc440ff000 	C:\Windows\SYSTEM32\cfgmgr32.dll
0x00007ffc42ec0000 - 0x00007ffc42ee8000 	C:\Windows\SYSTEM32\DEVOBJ.dll
0x0000000074470000 - 0x000000007447f000 	C:\Program Files\Java\jdk1.8.0_101\jre\bin\verify.dll
0x0000000074440000 - 0x0000000074469000 	C:\Program Files\Java\jdk1.8.0_101\jre\bin\java.dll
0x0000000074420000 - 0x0000000074436000 	C:\Program Files\Java\jdk1.8.0_101\jre\bin\zip.dll

VM Arguments:
jvm_args: -Djava.awt.headless=true -Xmx1024M -Dfile.encoding=windows-1251 -Duser.country=RU -Duser.language=ru -Duser.variant 
java_command: com.android.dx.command.Main --dex --force-jumbo --num-threads=4 --output C:\Users\Brom\.AndroidStudio2.1\APIvk\app\build\intermediates\pre-dexed\debug\main_fb4a4f888cbd484819092612c92d602ecfef1a2a.jar C:\Users\Brom\.AndroidStudio2.1\APIvk\app\build\intermediates\transforms\instantRun\debug\folders\1\5\main
java_class_path (initial): D:\android\sdk\build-tools\24.0.2\lib\dx.jar
Launcher Type: SUN_STANDARD

Environment Variables:
JAVA_HOME=C:\Program Files\Java\jdk1.8.0_101
CLASSPATH=C:\Program Files\Java\javamail-1.4.7\mail.jar;
PATH=C:\ProgramData\Oracle\Java\javapath;C:\Windows\system32;C:\Windows;C:\Windows\System32\Wbem;C:\Windows\System32\WindowsPowerShell\v1.0\;C:\Program Files (x86)\NVIDIA Corporation\PhysX\Common;C:\Program Files (x86)\Windows Kits\8.1\Windows Performance Toolkit\;C:\Program Files\Microsoft SQL Server\110\Tools\Binn\;C:\Program Files (x86)\Skype\Phone\;D:\Program Files\New Folder\;D:\Program Files\mat\runtime\win64;D:\Program Files\mat\bin;D:\Program Files\mat\polyspace\bin;C:\Program Files\Microsoft SQL Server\Client SDK\ODBC\110\Tools\Binn\;C:\Program Files (x86)\Microsoft SQL Server\120\Tools\Binn\;C:\Program Files\Microsoft SQL Server\120\Tools\Binn\;C:\Program Files\Microsoft SQL Server\120\DTS\Binn\;C:\Program Files (x86)\Microsoft SQL Server\120\Tools\Binn\ManagementStudio\;C:\Program Files (x86)\Microsoft SQL Server\120\DTS\Binn\;D:\Program Files\doxygen\bin;C:\Users\Brom\AppData\Local\Programs\Python\Python35-32\Scripts\;C:\Users\Brom\AppData\Local\Programs\Python\Python35-32\
USERNAME=Brom
OS=Windows_NT
PROCESSOR_IDENTIFIER=Intel64 Family 6 Model 58 Stepping 9, GenuineIntel



---------------  S Y S T E M  ---------------

OS: Windows 8.1 , 64 bit Build 9600 (6.3.9600.17415)

CPU:total 8 (4 cores per cpu, 2 threads per core) family 6 model 58 stepping 9, cmov, cx8, fxsr, mmx, sse, sse2, sse3, ssse3, sse4.1, sse4.2, popcnt, avx, aes, clmul, erms, ht, tsc, tscinvbit, tscinv

Memory: 4k page, physical 8199448k(456728k free), swap 11345176k(6148k free)

vm_info: Java HotSpot(TM) 64-Bit Server VM (25.101-b13) for windows-amd64 JRE (1.8.0_101-b13), built on Jun 22 2016 01:21:29 by "java_re" with MS VC++ 10.0 (VS2010)

time: Thu Jan 05 21:06:03 2017
elapsed time: 0 seconds (0d 0h 0m 0s)

