#
# There is insufficient memory for the Java Runtime Environment to continue.
# Native memory allocation (malloc) failed to allocate 1115456 bytes for Chunk::new
# Possible reasons:
#   The system is out of physical RAM or swap space
#   In 32 bit mode, the process size limit was hit
# Possible solutions:
#   Reduce memory load on the system
#   Increase physical memory or swap space
#   Check if swap backing store is full
#   Use 64 bit Java on a 64 bit OS
#   Decrease Java heap size (-Xmx/-Xms)
#   Decrease number of Java threads
#   Decrease Java thread stack sizes (-Xss)
#   Set larger code cache with -XX:ReservedCodeCacheSize=
# This output file may be truncated or incomplete.
#
#  Out of Memory Error (allocation.cpp:390), pid=8036, tid=0x0000000000001c28
#
# JRE version: Java(TM) SE Runtime Environment (8.0_101-b13) (build 1.8.0_101-b13)
# Java VM: Java HotSpot(TM) 64-Bit Server VM (25.101-b13 mixed mode windows-amd64 compressed oops)
# Failed to write core dump. Minidumps are not enabled by default on client versions of Windows
#

---------------  T H R E A D  ---------------

Current thread (0x0000000017235000):  JavaThread "C2 CompilerThread1" daemon [_thread_in_native, id=7208, stack(0x0000000017ae0000,0x0000000017be0000)]

Stack: [0x0000000017ae0000,0x0000000017be0000]
[error occurred during error reporting (printing stack bounds), id 0xc0000005]

Native frames: (J=compiled Java code, j=interpreted, Vv=VM code, C=native code)


Current CompileTask:
C2:   5144 1355   !   4       com.android.dx.cf.cst.ConstantPoolParser::parse0 (731 bytes)


---------------  P R O C E S S  ---------------

Java Threads: ( => current thread )
  0x00000000180aa000 JavaThread "pool-1-thread-4" [_thread_blocked, id=1664, stack(0x0000000018be0000,0x0000000018ce0000)]
  0x0000000017540000 JavaThread "pool-1-thread-3" [_thread_blocked, id=7816, stack(0x0000000018ae0000,0x0000000018be0000)]
  0x000000001753e000 JavaThread "pool-1-thread-2" [_thread_blocked, id=9668, stack(0x00000000189e0000,0x0000000018ae0000)]
  0x0000000017549800 JavaThread "pool-2-thread-1" [_thread_blocked, id=6524, stack(0x00000000188e0000,0x00000000189e0000)]
  0x000000001804e800 JavaThread "pool-1-thread-1" [_thread_blocked, id=6820, stack(0x00000000187e0000,0x00000000188e0000)]
  0x00000000172ce000 JavaThread "Service Thread" daemon [_thread_blocked, id=5688, stack(0x0000000017de0000,0x0000000017ee0000)]
  0x0000000017236800 JavaThread "C1 CompilerThread3" daemon [_thread_in_vm, id=9960, stack(0x0000000017ce0000,0x0000000017de0000)]
  0x0000000017236000 JavaThread "C2 CompilerThread2" daemon [_thread_in_native, id=7464, stack(0x0000000017be0000,0x0000000017ce0000)]
=>0x0000000017235000 JavaThread "C2 CompilerThread1" daemon [_thread_in_native, id=7208, stack(0x0000000017ae0000,0x0000000017be0000)]
  0x000000001722d800 JavaThread "C2 CompilerThread0" daemon [_thread_in_native, id=2788, stack(0x00000000179e0000,0x0000000017ae0000)]
  0x000000001722a800 JavaThread "Attach Listener" daemon [_thread_blocked, id=6860, stack(0x00000000178e0000,0x00000000179e0000)]
  0x0000000017229800 JavaThread "Signal Dispatcher" daemon [_thread_blocked, id=9036, stack(0x00000000177e0000,0x00000000178e0000)]
  0x0000000017220800 JavaThread "Finalizer" daemon [_thread_blocked, id=5800, stack(0x0000000017600000,0x0000000017700000)]
  0x0000000001325000 JavaThread "Reference Handler" daemon [_thread_blocked, id=2760, stack(0x0000000017100000,0x0000000017200000)]
  0x0000000001233000 JavaThread "main" [_thread_blocked, id=4584, stack(0x0000000001120000,0x0000000001220000)]

Other Threads:
  0x00000000152e8800 VMThread [stack: 0x0000000017000000,0x0000000017100000] [id=6892]
  0x00000000172e9000 WatcherThread [stack: 0x0000000017ee0000,0x0000000017fe0000] [id=9924]

VM state:not at safepoint (normal execution)

VM Mutex/Monitor currently owned by a thread:  ([mutex/lock_event])
[0x000000000122bcf0] CodeCache_lock - owner thread: 0x0000000017236800
[0x00000000012302d0] Compile_lock - owner thread: 0x0000000017236800
[0x0000000001230ed0] MethodCompileQueue_lock - owner thread: 0x0000000017236800

Heap:
 PSYoungGen      total 70656K, used 27443K [0x00000000eab00000, 0x00000000ef500000, 0x0000000100000000)
  eden space 65536K, 34% used [0x00000000eab00000,0x00000000ec0d2fa8,0x00000000eeb00000)
  from space 5120K, 99% used [0x00000000eeb00000,0x00000000eeff9c80,0x00000000ef000000)
  to   space 5120K, 0% used [0x00000000ef000000,0x00000000ef000000,0x00000000ef500000)
 ParOldGen       total 86016K, used 13064K [0x00000000c0000000, 0x00000000c5400000, 0x00000000eab00000)
  object space 86016K, 15% used [0x00000000c0000000,0x00000000c0cc2208,0x00000000c5400000)
 Metaspace       used 6243K, capacity 7216K, committed 7296K, reserved 1056768K
  class space    used 591K, capacity 616K, committed 640K, reserved 1048576K

Card table byte_map: [0x00000000016f0000,0x0000000001900000] byte_map_base: 0x00000000010f0000

Marking Bits: (ParMarkBitMap*) 0x0000000073f8a6d0
 Begin Bits: [0x0000000012700000, 0x0000000013700000)
 End Bits:   [0x0000000013700000, 0x0000000014700000)

Polling page: 0x00000000010b0000

CodeCache: size=245760Kb used=6658Kb max_used=6658Kb free=239101Kb
 bounds [0x0000000003400000, 0x0000000003a90000, 0x0000000012400000]
 total_blobs=2030 nmethods=1765 adapters=176
 compilation: enabled

Compilation events (10 events):
Event: 3.729 Thread 0x0000000017236800 nmethod 1579 0x0000000003a04a90 code [0x0000000003a04c60, 0x0000000003a05118]
Event: 3.729 Thread 0x0000000017236800 1571       2       java.util.EnumSet::noneOf (63 bytes)
Event: 3.730 Thread 0x0000000017236800 nmethod 1571 0x0000000003a055d0 code [0x0000000003a057c0, 0x0000000003a05da8]
Event: 3.730 Thread 0x0000000017236800 1572       2       sun.misc.SharedSecrets::getJavaLangAccess (4 bytes)
Event: 3.730 Thread 0x0000000017236800 nmethod 1572 0x0000000003a06210 code [0x0000000003a06360, 0x0000000003a06490]
Event: 3.730 Thread 0x0000000017236800 1576       2       java.util.HashMap$EntrySet::iterator (12 bytes)
Event: 3.731 Thread 0x0000000017236800 nmethod 1576 0x0000000003a06510 code [0x0000000003a06680, 0x0000000003a06868]
Event: 3.731 Thread 0x0000000017236800 1577       2       java.util.ArrayList::sort (48 bytes)
Event: 3.731 Thread 0x0000000017236800 nmethod 1577 0x0000000003a06910 code [0x0000000003a06a80, 0x0000000003a06c78]
Event: 3.731 Thread 0x0000000017236800 1574       2       com.android.dx.ssa.Optimizer::optimize (67 bytes)

GC Heap History (4 events):
Event: 2.425 GC heap before
{Heap before GC invocations=1 (full 0):
 PSYoungGen      total 37888K, used 32768K [0x00000000eab00000, 0x00000000ed500000, 0x0000000100000000)
  eden space 32768K, 100% used [0x00000000eab00000,0x00000000ecb00000,0x00000000ecb00000)
  from space 5120K, 0% used [0x00000000ed000000,0x00000000ed000000,0x00000000ed500000)
  to   space 5120K, 0% used [0x00000000ecb00000,0x00000000ecb00000,0x00000000ed000000)
 ParOldGen       total 86016K, used 0K [0x00000000c0000000, 0x00000000c5400000, 0x00000000eab00000)
  object space 86016K, 0% used [0x00000000c0000000,0x00000000c0000000,0x00000000c5400000)
 Metaspace       used 5783K, capacity 6832K, committed 7040K, reserved 1056768K
  class space    used 586K, capacity 616K, committed 640K, reserved 1048576K
Event: 2.634 GC heap after
Heap after GC invocations=1 (full 0):
 PSYoungGen      total 37888K, used 4926K [0x00000000eab00000, 0x00000000ef500000, 0x0000000100000000)
  eden space 32768K, 0% used [0x00000000eab00000,0x00000000eab00000,0x00000000ecb00000)
  from space 5120K, 96% used [0x00000000ecb00000,0x00000000ecfcfa88,0x00000000ed000000)
  to   space 5120K, 0% used [0x00000000ef000000,0x00000000ef000000,0x00000000ef500000)
 ParOldGen       total 86016K, used 8K [0x00000000c0000000, 0x00000000c5400000, 0x00000000eab00000)
  object space 86016K, 0% used [0x00000000c0000000,0x00000000c0002000,0x00000000c5400000)
 Metaspace       used 5783K, capacity 6832K, committed 7040K, reserved 1056768K
  class space    used 586K, capacity 616K, committed 640K, reserved 1048576K
}
Event: 3.468 GC heap before
{Heap before GC invocations=2 (full 0):
 PSYoungGen      total 37888K, used 37694K [0x00000000eab00000, 0x00000000ef500000, 0x0000000100000000)
  eden space 32768K, 100% used [0x00000000eab00000,0x00000000ecb00000,0x00000000ecb00000)
  from space 5120K, 96% used [0x00000000ecb00000,0x00000000ecfcfa88,0x00000000ed000000)
  to   space 5120K, 0% used [0x00000000ef000000,0x00000000ef000000,0x00000000ef500000)
 ParOldGen       total 86016K, used 8K [0x00000000c0000000, 0x00000000c5400000, 0x00000000eab00000)
  object space 86016K, 0% used [0x00000000c0000000,0x00000000c0002000,0x00000000c5400000)
 Metaspace       used 6081K, capacity 7088K, committed 7296K, reserved 1056768K
  class space    used 591K, capacity 616K, committed 640K, reserved 1048576K
Event: 3.609 GC heap after
Heap after GC invocations=2 (full 0):
 PSYoungGen      total 70656K, used 5098K [0x00000000eab00000, 0x00000000ef500000, 0x0000000100000000)
  eden space 65536K, 0% used [0x00000000eab00000,0x00000000eab00000,0x00000000eeb00000)
  from space 5120K, 99% used [0x00000000ef000000,0x00000000ef4faaa0,0x00000000ef500000)
  to   space 5120K, 0% used [0x00000000eeb00000,0x00000000eeb00000,0x00000000ef000000)
 ParOldGen       total 86016K, used 3379K [0x00000000c0000000, 0x00000000c5400000, 0x00000000eab00000)
  object space 86016K, 3% used [0x00000000c0000000,0x00000000c034cf70,0x00000000c5400000)
 Metaspace       used 6081K, capacity 7088K, committed 7296K, reserved 1056768K
  class space    used 591K, capacity 616K, committed 640K, reserved 1048576K
}

Deoptimization events (10 events):
Event: 2.717 Thread 0x00000000180aa000 Uncommon trap: reason=class_check action=maybe_recompile pc=0x0000000003739ea0 method=com.android.dx.rop.type.Type.equals(Ljava/lang/Object;)Z @ 8
Event: 2.721 Thread 0x000000001804e800 Uncommon trap: reason=class_check action=maybe_recompile pc=0x000000000374a370 method=com.android.dx.rop.type.Type.equals(Ljava/lang/Object;)Z @ 8
Event: 2.732 Thread 0x000000001804e800 Uncommon trap: reason=unstable_if action=reinterpret pc=0x000000000373ad9c method=com.android.dx.rop.cst.Constant.compareTo(Lcom/android/dx/rop/cst/Constant;)I @ 12
Event: 2.768 Thread 0x0000000017540000 Uncommon trap: reason=unstable_if action=reinterpret pc=0x00000000037d17dc method=com.android.dx.ssa.SsaMethod.updateOneDefinition(Lcom/android/dx/ssa/SsaInsn;Lcom/android/dx/rop/code/RegisterSpec;)V @ 4
Event: 3.402 Thread 0x00000000180aa000 Uncommon trap: reason=class_check action=maybe_recompile pc=0x00000000038c6c34 method=com.android.dx.ssa.NormalSsaInsn.accept(Lcom/android/dx/ssa/SsaInsn$Visitor;)V @ 9
Event: 3.402 Thread 0x00000000180aa000 Uncommon trap: reason=class_check action=maybe_recompile pc=0x00000000038c6c34 method=com.android.dx.ssa.NormalSsaInsn.accept(Lcom/android/dx/ssa/SsaInsn$Visitor;)V @ 9
Event: 3.403 Thread 0x00000000180aa000 Uncommon trap: reason=class_check action=maybe_recompile pc=0x00000000038c6c34 method=com.android.dx.ssa.NormalSsaInsn.accept(Lcom/android/dx/ssa/SsaInsn$Visitor;)V @ 9
Event: 3.403 Thread 0x00000000180aa000 Uncommon trap: reason=class_check action=maybe_recompile pc=0x00000000038c6c34 method=com.android.dx.ssa.NormalSsaInsn.accept(Lcom/android/dx/ssa/SsaInsn$Visitor;)V @ 9
Event: 3.403 Thread 0x00000000180aa000 Uncommon trap: reason=class_check action=maybe_recompile pc=0x00000000036eead4 method=com.android.dx.ssa.NormalSsaInsn.accept(Lcom/android/dx/ssa/SsaInsn$Visitor;)V @ 9
Event: 3.404 Thread 0x00000000180aa000 Uncommon trap: reason=class_check action=maybe_recompile pc=0x00000000036923f0 method=com.android.dx.ssa.NormalSsaInsn.accept(Lcom/android/dx/ssa/SsaInsn$Visitor;)V @ 9

Internal exceptions (2 events):
Event: 0.060 Thread 0x0000000001233000 Exception <a 'java/lang/NoSuchMethodError': Method sun.misc.Unsafe.defineClass(Ljava/lang/String;[BII)Ljava/lang/Class; name or signature does not match> (0x00000000eab07cc0) thrown at [C:\re\workspace\8-2-build-windows-amd64-cygwin\jdk8u101\7261\hotspot\su·M4<¡Æ?
Event: 0.060 Thread 0x0000000001233000 Exception <a 'java/lang/NoSuchMethodError': Method sun.misc.Unsafe.prefetchRead(Ljava/lang/Object;J)V name or signature does not match> (0x00000000eab07fa8) thrown at [C:\re\workspace\8-2-build-windows-amd64-cygwin\jdk8u101\7261\hotspot\src\share\vm\prims\

Events (10 events):
Event: 3.403 Thread 0x00000000180aa000 Uncommon trap: trap_request=0xffffffde fr.pc=0x00000000036eead4
Event: 3.403 Thread 0x00000000180aa000 DEOPT PACKING pc=0x00000000036eead4 sp=0x0000000018cdedc0
Event: 3.403 Thread 0x00000000180aa000 DEOPT UNPACKING pc=0x000000000344582a sp=0x0000000018cded10 mode 2
Event: 3.404 Thread 0x00000000180aa000 Uncommon trap: trap_request=0xffffffde fr.pc=0x00000000036923f0
Event: 3.404 Thread 0x00000000180aa000 DEOPT PACKING pc=0x00000000036923f0 sp=0x0000000018cdeab0
Event: 3.404 Thread 0x00000000180aa000 DEOPT UNPACKING pc=0x000000000344582a sp=0x0000000018cdea50 mode 2
Event: 3.458 Executing VM operation: ForceSafepoint
Event: 3.458 Executing VM operation: ForceSafepoint done
Event: 3.468 Executing VM operation: ParallelGCFailedAllocation
Event: 3.609 Executing VM operation: ParallelGCFailedAllocation done


Dynamic libraries:
0x00007ff6ac6b0000 - 0x00007ff6ac6e7000 	C:\Program Files\Java\jdk1.8.0_101\bin\java.exe
0x00007ffc46ec0000 - 0x00007ffc4706d000 	C:\Windows\SYSTEM32\ntdll.dll
0x00007ffc44540000 - 0x00007ffc4467e000 	C:\Windows\system32\KERNEL32.DLL
0x00007ffc441e0000 - 0x00007ffc442f5000 	C:\Windows\system32\KERNELBASE.dll
0x00007ffc42c70000 - 0x00007ffc42cfe000 	C:\Windows\system32\apphelp.dll
0x00007ffc3ccd0000 - 0x00007ffc3cd23000 	C:\Windows\AppPatch\AppPatch64\AcGenral.DLL
0x00007ffc44730000 - 0x00007ffc447da000 	C:\Windows\system32\msvcrt.dll
0x00007ffc441b0000 - 0x00007ffc441de000 	C:\Windows\system32\SspiCli.dll
0x00007ffc468f0000 - 0x00007ffc46944000 	C:\Windows\system32\SHLWAPI.dll
0x00007ffc44b60000 - 0x00007ffc44cd7000 	C:\Windows\system32\USER32.dll
0x00007ffc46a10000 - 0x00007ffc46ba4000 	C:\Windows\system32\ole32.dll
0x00007ffc450c0000 - 0x00007ffc465e8000 	C:\Windows\system32\SHELL32.dll
0x00007ffc43610000 - 0x00007ffc43631000 	C:\Windows\SYSTEM32\USERENV.dll
0x00007ffc44680000 - 0x00007ffc4472a000 	C:\Windows\system32\ADVAPI32.dll
0x00007ffc3b470000 - 0x00007ffc3b48e000 	C:\Windows\SYSTEM32\MPR.dll
0x00007ffc46750000 - 0x00007ffc46890000 	C:\Windows\system32\RPCRT4.dll
0x00007ffc46d90000 - 0x00007ffc46de9000 	C:\Windows\SYSTEM32\sechost.dll
0x00007ffc44cf0000 - 0x00007ffc44f01000 	C:\Windows\SYSTEM32\combase.dll
0x00007ffc44f10000 - 0x00007ffc4505f000 	C:\Windows\system32\GDI32.dll
0x00007ffc43fe0000 - 0x00007ffc43ff5000 	C:\Windows\SYSTEM32\profapi.dll
0x00007ffc42620000 - 0x00007ffc426d2000 	C:\Windows\SYSTEM32\SHCORE.dll
0x00007ffc46e10000 - 0x00007ffc46e46000 	C:\Windows\system32\IMM32.DLL
0x00007ffc465f0000 - 0x00007ffc46742000 	C:\Windows\system32\MSCTF.dll
0x00007ffc421a0000 - 0x00007ffc4241b000 	C:\Windows\WinSxS\amd64_microsoft.windows.common-controls_6595b64144ccf1df_6.0.9600.18006_none_623f33d3ecbe86e8\COMCTL32.dll
0x0000000073360000 - 0x0000000073432000 	C:\Program Files\Java\jdk1.8.0_101\jre\bin\msvcr100.dll
0x0000000073770000 - 0x000000007400a000 	C:\Program Files\Java\jdk1.8.0_101\jre\bin\server\jvm.dll
0x00007ffc40930000 - 0x00007ffc40939000 	C:\Windows\SYSTEM32\WSOCK32.dll
0x00007ffc42000000 - 0x00007ffc42022000 	C:\Windows\SYSTEM32\WINMM.dll
0x00007ffc41f20000 - 0x00007ffc41f2a000 	C:\Windows\SYSTEM32\VERSION.dll
0x00007ffc44a90000 - 0x00007ffc44a97000 	C:\Windows\system32\PSAPI.DLL
0x00007ffc46890000 - 0x00007ffc468ea000 	C:\Windows\system32\WS2_32.dll
0x00007ffc41f60000 - 0x00007ffc41f8a000 	C:\Windows\SYSTEM32\WINMMBASE.dll
0x00007ffc44ce0000 - 0x00007ffc44ce9000 	C:\Windows\system32\NSI.dll
0x00007ffc440b0000 - 0x00007ffc440ff000 	C:\Windows\SYSTEM32\cfgmgr32.dll
0x00007ffc42ec0000 - 0x00007ffc42ee8000 	C:\Windows\SYSTEM32\DEVOBJ.dll
0x0000000074470000 - 0x000000007447f000 	C:\Program Files\Java\jdk1.8.0_101\jre\bin\verify.dll
0x0000000074440000 - 0x0000000074469000 	C:\Program Files\Java\jdk1.8.0_101\jre\bin\java.dll
0x0000000074420000 - 0x0000000074436000 	C:\Program Files\Java\jdk1.8.0_101\jre\bin\zip.dll

VM Arguments:
jvm_args: -Djava.awt.headless=true -Xmx1024M -Dfile.encoding=windows-1251 -Duser.country=RU -Duser.language=ru -Duser.variant 
java_command: com.android.dx.command.Main --dex --force-jumbo --num-threads=4 --output C:\Users\Brom\.AndroidStudio2.1\APIvk\app\build\intermediates\pre-dexed\debug\com.android.support-support-compat-25.1.0_3dcbb624b2cee980f532709b5425e23ff485eee5.jar C:\Users\Brom\.AndroidStudio2.1\APIvk\app\build\intermediates\exploded-aar\com.android.support\support-compat\25.1.0\jars\classes.jar
java_class_path (initial): D:\android\sdk\build-tools\24.0.2\lib\dx.jar
Launcher Type: SUN_STANDARD

Environment Variables:
JAVA_HOME=C:\Program Files\Java\jdk1.8.0_101
CLASSPATH=C:\Program Files\Java\javamail-1.4.7\mail.jar;
PATH=C:\ProgramData\Oracle\Java\javapath;C:\Windows\system32;C:\Windows;C:\Windows\System32\Wbem;C:\Windows\System32\WindowsPowerShell\v1.0\;C:\Program Files (x86)\NVIDIA Corporation\PhysX\Common;C:\Program Files (x86)\Windows Kits\8.1\Windows Performance Toolkit\;C:\Program Files\Microsoft SQL Server\110\Tools\Binn\;C:\Program Files (x86)\Skype\Phone\;D:\Program Files\New Folder\;D:\Program Files\mat\runtime\win64;D:\Program Files\mat\bin;D:\Program Files\mat\polyspace\bin;C:\Program Files\Microsoft SQL Server\Client SDK\ODBC\110\Tools\Binn\;C:\Program Files (x86)\Microsoft SQL Server\120\Tools\Binn\;C:\Program Files\Microsoft SQL Server\120\Tools\Binn\;C:\Program Files\Microsoft SQL Server\120\DTS\Binn\;C:\Program Files (x86)\Microsoft SQL Server\120\Tools\Binn\ManagementStudio\;C:\Program Files (x86)\Microsoft SQL Server\120\DTS\Binn\;D:\Program Files\doxygen\bin;C:\Users\Brom\AppData\Local\Programs\Python\Python35-32\Scripts\;C:\Users\Brom\AppData\Local\Programs\Python\Python35-32\
USERNAME=Brom
OS=Windows_NT
PROCESSOR_IDENTIFIER=Intel64 Family 6 Model 58 Stepping 9, GenuineIntel



---------------  S Y S T E M  ---------------

OS: Windows 8.1 , 64 bit Build 9600 (6.3.9600.17415)

CPU:total 8 (4 cores per cpu, 2 threads per core) family 6 model 58 stepping 9, cmov, cx8, fxsr, mmx, sse, sse2, sse3, ssse3, sse4.1, sse4.2, popcnt, avx, aes, clmul, erms, ht, tsc, tscinvbit, tscinv

Memory: 4k page, physical 8199448k(387384k free), swap 11345176k(3164k free)

vm_info: Java HotSpot(TM) 64-Bit Server VM (25.101-b13) for windows-amd64 JRE (1.8.0_101-b13), built on Jun 22 2016 01:21:29 by "java_re" with MS VC++ 10.0 (VS2010)

time: Thu Jan 05 21:05:45 2017
elapsed time: 6 seconds (0d 0h 0m 6s)

