#
# There is insufficient memory for the Java Runtime Environment to continue.
# Native memory allocation (malloc) failed to allocate 169616 bytes for Chunk::new
# Possible reasons:
#   The system is out of physical RAM or swap space
#   In 32 bit mode, the process size limit was hit
# Possible solutions:
#   Reduce memory load on the system
#   Increase physical memory or swap space
#   Check if swap backing store is full
#   Use 64 bit Java on a 64 bit OS
#   Decrease Java heap size (-Xmx/-Xms)
#   Decrease number of Java threads
#   Decrease Java thread stack sizes (-Xss)
#   Set larger code cache with -XX:ReservedCodeCacheSize=
# This output file may be truncated or incomplete.
#
#  Out of Memory Error (allocation.cpp:390), pid=504, tid=0x000000000000099c
#
# JRE version: Java(TM) SE Runtime Environment (8.0_101-b13) (build 1.8.0_101-b13)
# Java VM: Java HotSpot(TM) 64-Bit Server VM (25.101-b13 mixed mode windows-amd64 compressed oops)
# Failed to write core dump. Minidumps are not enabled by default on client versions of Windows
#

---------------  T H R E A D  ---------------

Current thread (0x0000000016c1f800):  JavaThread "C2 CompilerThread1" daemon [_thread_in_native, id=2460, stack(0x00000000173f0000,0x00000000174f0000)]

Stack: [0x00000000173f0000,0x00000000174f0000]
[error occurred during error reporting (printing stack bounds), id 0xc0000005]

Native frames: (J=compiled Java code, j=interpreted, Vv=VM code, C=native code)


Current CompileTask:
C2:   2350 1161       4       com.android.dx.ssa.SsaMethod::deleteInsns (239 bytes)


---------------  P R O C E S S  ---------------

Java Threads: ( => current thread )
  0x0000000016ccc000 JavaThread "Service Thread" daemon [_thread_blocked, id=5728, stack(0x00000000176f0000,0x00000000177f0000)]
  0x0000000016c31800 JavaThread "C1 CompilerThread3" daemon [_thread_blocked, id=5488, stack(0x00000000175f0000,0x00000000176f0000)]
  0x0000000016c22800 JavaThread "C2 CompilerThread2" daemon [_thread_in_native, id=7532, stack(0x00000000174f0000,0x00000000175f0000)]
=>0x0000000016c1f800 JavaThread "C2 CompilerThread1" daemon [_thread_in_native, id=2460, stack(0x00000000173f0000,0x00000000174f0000)]
  0x0000000016c1b800 JavaThread "C2 CompilerThread0" daemon [_thread_in_native, id=6108, stack(0x00000000172f0000,0x00000000173f0000)]
  0x0000000016c18800 JavaThread "Attach Listener" daemon [_thread_blocked, id=7304, stack(0x00000000171f0000,0x00000000172f0000)]
  0x0000000014d2e800 JavaThread "Signal Dispatcher" daemon [_thread_blocked, id=2736, stack(0x00000000170f0000,0x00000000171f0000)]
  0x0000000016c10800 JavaThread "Finalizer" daemon [_thread_blocked, id=10076, stack(0x0000000016ff0000,0x00000000170f0000)]
  0x00000000021f6000 JavaThread "Reference Handler" daemon [_thread_blocked, id=3416, stack(0x0000000016af0000,0x0000000016bf0000)]
  0x0000000001eae000 JavaThread "main" [_thread_in_Java, id=5776, stack(0x0000000002000000,0x0000000002100000)]

Other Threads:
  0x0000000014d19800 VMThread [stack: 0x00000000169f0000,0x0000000016af0000] [id=4368]
  0x0000000016cde800 WatcherThread [stack: 0x00000000177f0000,0x00000000178f0000] [id=5008]

VM state:not at safepoint (normal execution)

VM Mutex/Monitor currently owned by a thread: None

Heap:
 PSYoungGen      total 37888K, used 12336K [0x00000000eab00000, 0x00000000ed500000, 0x0000000100000000)
  eden space 32768K, 22% used [0x00000000eab00000,0x00000000eb20cc28,0x00000000ecb00000)
  from space 5120K, 99% used [0x00000000ecb00000,0x00000000ecfff5f8,0x00000000ed000000)
  to   space 5120K, 0% used [0x00000000ed000000,0x00000000ed000000,0x00000000ed500000)
 ParOldGen       total 86016K, used 1340K [0x00000000c0000000, 0x00000000c5400000, 0x00000000eab00000)
  object space 86016K, 1% used [0x00000000c0000000,0x00000000c014f188,0x00000000c5400000)
 Metaspace       used 6147K, capacity 7064K, committed 7424K, reserved 1056768K
  class space    used 622K, capacity 656K, committed 768K, reserved 1048576K

Card table byte_map: [0x00000000115c0000,0x00000000117d0000] byte_map_base: 0x0000000010fc0000

Marking Bits: (ParMarkBitMap*) 0x0000000073f8a6d0
 Begin Bits: [0x0000000012130000, 0x0000000013130000)
 End Bits:   [0x0000000013130000, 0x0000000014130000)

Polling page: 0x0000000000610000

CodeCache: size=245760Kb used=4636Kb max_used=4636Kb free=241123Kb
 bounds [0x0000000002200000, 0x0000000002690000, 0x0000000011200000]
 total_blobs=1431 nmethods=1161 adapters=182
 compilation: disabled (not enough contiguous free space left)

Compilation events (10 events):
Event: 1.884 Thread 0x0000000016c1f800 nmethod 951 0x0000000002674850 code [0x0000000002675e00, 0x000000000267c590]
Event: 1.886 Thread 0x0000000016c1f800 1161       4       com.android.dx.ssa.SsaMethod::deleteInsns (239 bytes)
Event: 1.888 Thread 0x0000000016c22800 nmethod 1169 0x000000000265ca10 code [0x000000000265cb80, 0x000000000265ce58]
Event: 1.888 Thread 0x0000000016c22800 1163       4       java.util.AbstractMap::<init> (5 bytes)
Event: 1.889 Thread 0x0000000016c22800 nmethod 1163 0x000000000256ea50 code [0x000000000256eb80, 0x000000000256ebd8]
Event: 1.889 Thread 0x0000000016c22800 1156       4       com.android.dx.rop.code.BasicBlockList$RegCountVisitor::visitPlainInsn (6 bytes)
Event: 1.903 Thread 0x0000000016c22800 nmethod 1156 0x000000000266fe90 code [0x0000000002670000, 0x00000000026702b8]
Event: 1.903 Thread 0x0000000016c22800 1159       4       com.android.dx.ssa.DeadCodeRemover::hasSideEffect (11 bytes)
Event: 1.912 Thread 0x0000000016c22800 nmethod 1159 0x000000000266f790 code [0x000000000266f8e0, 0x000000000266fad8]
Event: 1.912 Thread 0x0000000016c22800  986       4       com.android.dx.rop.code.Rop::isCommutative (60 bytes)

GC Heap History (2 events):
Event: 1.731 GC heap before
{Heap before GC invocations=1 (full 0):
 PSYoungGen      total 37888K, used 32768K [0x00000000eab00000, 0x00000000ed500000, 0x0000000100000000)
  eden space 32768K, 100% used [0x00000000eab00000,0x00000000ecb00000,0x00000000ecb00000)
  from space 5120K, 0% used [0x00000000ed000000,0x00000000ed000000,0x00000000ed500000)
  to   space 5120K, 0% used [0x00000000ecb00000,0x00000000ecb00000,0x00000000ed000000)
 ParOldGen       total 86016K, used 0K [0x00000000c0000000, 0x00000000c5400000, 0x00000000eab00000)
  object space 86016K, 0% used [0x00000000c0000000,0x00000000c0000000,0x00000000c5400000)
 Metaspace       used 5971K, capacity 6900K, committed 7040K, reserved 1056768K
  class space    used 606K, capacity 620K, committed 640K, reserved 1048576K
Event: 1.853 GC heap after
Heap after GC invocations=1 (full 0):
 PSYoungGen      total 37888K, used 5117K [0x00000000eab00000, 0x00000000ed500000, 0x0000000100000000)
  eden space 32768K, 0% used [0x00000000eab00000,0x00000000eab00000,0x00000000ecb00000)
  from space 5120K, 99% used [0x00000000ecb00000,0x00000000ecfff5f8,0x00000000ed000000)
  to   space 5120K, 0% used [0x00000000ed000000,0x00000000ed000000,0x00000000ed500000)
 ParOldGen       total 86016K, used 1340K [0x00000000c0000000, 0x00000000c5400000, 0x00000000eab00000)
  object space 86016K, 1% used [0x00000000c0000000,0x00000000c014f188,0x00000000c5400000)
 Metaspace       used 5971K, capacity 6900K, committed 7040K, reserved 1056768K
  class space    used 606K, capacity 620K, committed 640K, reserved 1048576K
}

Deoptimization events (10 events):
Event: 0.994 Thread 0x0000000016e6b000 Uncommon trap: reason=unstable_if action=reinterpret pc=0x0000000002405170 method=java.util.BitSet.nextSetBit(I)I @ 87
Event: 1.351 Thread 0x0000000016e6b000 Uncommon trap: reason=unstable_if action=reinterpret pc=0x000000000254de7c method=com.android.dx.util.IntList.binarysearch(I)I @ 105
Event: 1.458 Thread 0x0000000016e41000 Uncommon trap: reason=null_check action=make_not_entrant pc=0x0000000002479e20 method=com.android.dx.rop.type.Type.equals(Ljava/lang/Object;)Z @ 8
Event: 1.577 Thread 0x0000000016e41000 Uncommon trap: reason=unstable_if action=reinterpret pc=0x000000000246df50 method=com.android.dx.rop.code.RegisterSpec.equals(ILcom/android/dx/rop/type/TypeBearer;Lcom/android/dx/rop/code/LocalItem;)Z @ 42
Event: 1.613 Thread 0x0000000016e59000 Uncommon trap: reason=unstable_if action=reinterpret pc=0x000000000249ec6c method=com.android.dx.rop.code.RegisterSpecSet.put(Lcom/android/dx/rop/code/RegisterSpec;)V @ 77
Event: 1.614 Thread 0x0000000016e59000 Uncommon trap: reason=unstable_if action=reinterpret pc=0x00000000024ff62c method=com.android.dx.rop.code.RegisterSpecSet.put(Lcom/android/dx/rop/code/RegisterSpec;)V @ 77
Event: 1.624 Thread 0x0000000016e59000 Uncommon trap: reason=bimorphic action=maybe_recompile pc=0x000000000240b424 method=java.util.HashMap.getNode(ILjava/lang/Object;)Ljava/util/HashMap$Node; @ 126
Event: 1.624 Thread 0x0000000016e59000 Uncommon trap: reason=class_check action=maybe_recompile pc=0x00000000025853c0 method=java.util.HashMap.putVal(ILjava/lang/Object;Ljava/lang/Object;ZZ)Ljava/lang/Object; @ 203
Event: 1.706 Thread 0x0000000016e6b000 Uncommon trap: reason=bimorphic action=maybe_recompile pc=0x000000000240b424 method=java.util.HashMap.getNode(ILjava/lang/Object;)Ljava/util/HashMap$Node; @ 126
Event: 1.706 Thread 0x0000000016e6b000 Uncommon trap: reason=class_check action=maybe_recompile pc=0x00000000025853c0 method=java.util.HashMap.putVal(ILjava/lang/Object;Ljava/lang/Object;ZZ)Ljava/lang/Object; @ 203

Internal exceptions (3 events):
Event: 0.059 Thread 0x0000000001eae000 Exception <a 'java/lang/NoSuchMethodError': Method sun.misc.Unsafe.defineClass(Ljava/lang/String;[BII)Ljava/lang/Class; name or signature does not match> (0x00000000eab07cc0) thrown at [C:\re\workspace\8-2-build-windows-amd64-cygwin\jdk8u101\7261\hotspot\súÉÉjB®?
Event: 0.059 Thread 0x0000000001eae000 Exception <a 'java/lang/NoSuchMethodError': Method sun.misc.Unsafe.prefetchRead(Ljava/lang/Object;J)V name or signature does not match> (0x00000000eab07fa8) thrown at [C:\re\workspace\8-2-build-windows-amd64-cygwin\jdk8u101\7261\hotspot\src\share\vm\prims\8e91S÷?
Event: 1.458 Thread 0x0000000016e41000 Implicit null exception at 0x0000000002479d22 to 0x0000000002479e12

Events (10 events):
Event: 1.699 Thread 0x0000000016e41000 DEOPT PACKING pc=0x00000000025566e5 sp=0x00000000179eec30
Event: 1.699 Thread 0x0000000016e41000 DEOPT UNPACKING pc=0x000000000224787f sp=0x00000000179eea20 mode 0
Event: 1.706 Thread 0x0000000016e6b000 Uncommon trap: trap_request=0xffffffc6 fr.pc=0x000000000240b424
Event: 1.706 Thread 0x0000000016e6b000 DEOPT PACKING pc=0x000000000240b424 sp=0x0000000017deeb30
Event: 1.706 Thread 0x0000000016e6b000 DEOPT UNPACKING pc=0x000000000224582a sp=0x0000000017deea48 mode 2
Event: 1.706 Thread 0x0000000016e6b000 Uncommon trap: trap_request=0xffffffde fr.pc=0x00000000025853c0
Event: 1.706 Thread 0x0000000016e6b000 DEOPT PACKING pc=0x00000000025853c0 sp=0x0000000017deeaf0
Event: 1.706 Thread 0x0000000016e6b000 DEOPT UNPACKING pc=0x000000000224582a sp=0x0000000017deea28 mode 2
Event: 1.712 Executing VM operation: ParallelGCFailedAllocation
Event: 1.854 Executing VM operation: ParallelGCFailedAllocation done


Dynamic libraries:
0x00007ff670340000 - 0x00007ff670377000 	C:\Program Files\Java\jdk1.8.0_101\bin\java.exe
0x00007ffc46ec0000 - 0x00007ffc4706d000 	C:\Windows\SYSTEM32\ntdll.dll
0x00007ffc44540000 - 0x00007ffc4467e000 	C:\Windows\system32\KERNEL32.DLL
0x00007ffc441e0000 - 0x00007ffc442f5000 	C:\Windows\system32\KERNELBASE.dll
0x00007ffc42c70000 - 0x00007ffc42cfe000 	C:\Windows\system32\apphelp.dll
0x00007ffc3a7d0000 - 0x00007ffc3a823000 	C:\Windows\AppPatch\AppPatch64\AcGenral.DLL
0x00007ffc44730000 - 0x00007ffc447da000 	C:\Windows\system32\msvcrt.dll
0x00007ffc441b0000 - 0x00007ffc441de000 	C:\Windows\system32\SspiCli.dll
0x00007ffc468f0000 - 0x00007ffc46944000 	C:\Windows\system32\SHLWAPI.dll
0x00007ffc44b60000 - 0x00007ffc44cd7000 	C:\Windows\system32\USER32.dll
0x00007ffc46a10000 - 0x00007ffc46ba4000 	C:\Windows\system32\ole32.dll
0x00007ffc450c0000 - 0x00007ffc465e8000 	C:\Windows\system32\SHELL32.dll
0x00007ffc43610000 - 0x00007ffc43631000 	C:\Windows\SYSTEM32\USERENV.dll
0x00007ffc44680000 - 0x00007ffc4472a000 	C:\Windows\system32\ADVAPI32.dll
0x00007ffc3b470000 - 0x00007ffc3b48e000 	C:\Windows\SYSTEM32\MPR.dll
0x00007ffc46750000 - 0x00007ffc46890000 	C:\Windows\system32\RPCRT4.dll
0x00007ffc46d90000 - 0x00007ffc46de9000 	C:\Windows\SYSTEM32\sechost.dll
0x00007ffc44cf0000 - 0x00007ffc44f01000 	C:\Windows\SYSTEM32\combase.dll
0x00007ffc44f10000 - 0x00007ffc4505f000 	C:\Windows\system32\GDI32.dll
0x00007ffc43fe0000 - 0x00007ffc43ff5000 	C:\Windows\SYSTEM32\profapi.dll
0x00007ffc42620000 - 0x00007ffc426d2000 	C:\Windows\SYSTEM32\SHCORE.dll
0x00007ffc46e10000 - 0x00007ffc46e46000 	C:\Windows\system32\IMM32.DLL
0x00007ffc465f0000 - 0x00007ffc46742000 	C:\Windows\system32\MSCTF.dll
0x00007ffc421a0000 - 0x00007ffc4241b000 	C:\Windows\WinSxS\amd64_microsoft.windows.common-controls_6595b64144ccf1df_6.0.9600.18006_none_623f33d3ecbe86e8\COMCTL32.dll
0x0000000073360000 - 0x0000000073432000 	C:\Program Files\Java\jdk1.8.0_101\jre\bin\msvcr100.dll
0x0000000073770000 - 0x000000007400a000 	C:\Program Files\Java\jdk1.8.0_101\jre\bin\server\jvm.dll
0x00007ffc420a0000 - 0x00007ffc420a9000 	C:\Windows\SYSTEM32\WSOCK32.dll
0x00007ffc41940000 - 0x00007ffc41962000 	C:\Windows\SYSTEM32\WINMM.dll
0x00007ffc41f20000 - 0x00007ffc41f2a000 	C:\Windows\SYSTEM32\VERSION.dll
0x00007ffc44a90000 - 0x00007ffc44a97000 	C:\Windows\system32\PSAPI.DLL
0x00007ffc46890000 - 0x00007ffc468ea000 	C:\Windows\system32\WS2_32.dll
0x00007ffc417f0000 - 0x00007ffc4181a000 	C:\Windows\SYSTEM32\WINMMBASE.dll
0x00007ffc44ce0000 - 0x00007ffc44ce9000 	C:\Windows\system32\NSI.dll
0x00007ffc440b0000 - 0x00007ffc440ff000 	C:\Windows\SYSTEM32\cfgmgr32.dll
0x00007ffc42ec0000 - 0x00007ffc42ee8000 	C:\Windows\SYSTEM32\DEVOBJ.dll
0x0000000074470000 - 0x000000007447f000 	C:\Program Files\Java\jdk1.8.0_101\jre\bin\verify.dll
0x0000000074440000 - 0x0000000074469000 	C:\Program Files\Java\jdk1.8.0_101\jre\bin\java.dll
0x0000000074420000 - 0x0000000074436000 	C:\Program Files\Java\jdk1.8.0_101\jre\bin\zip.dll

VM Arguments:
jvm_args: -Djava.awt.headless=true -Xmx1024M -Dfile.encoding=windows-1251 -Duser.country=RU -Duser.language=ru -Duser.variant 
java_command: com.android.dx.command.Main --dex --force-jumbo --num-threads=4 --output C:\Users\Brom\.AndroidStudio2.1\APIvk\app\build\intermediates\pre-dexed\debug\com.android.support-support-vector-drawable-24.2.0_169bee7ec0c582e7d3799e9d6c4adf4cfac2799a.jar C:\Users\Brom\.AndroidStudio2.1\APIvk\app\build\intermediates\exploded-aar\com.android.support\support-vector-drawable\24.2.0\jars\classes.jar
java_class_path (initial): D:\android\sdk\build-tools\24.0.2\lib\dx.jar
Launcher Type: SUN_STANDARD

Environment Variables:
JAVA_HOME=C:\Program Files\Java\jdk1.8.0_101
CLASSPATH=C:\Program Files\Java\javamail-1.4.7\mail.jar;
PATH=C:\ProgramData\Oracle\Java\javapath;C:\Windows\system32;C:\Windows;C:\Windows\System32\Wbem;C:\Windows\System32\WindowsPowerShell\v1.0\;C:\Program Files (x86)\NVIDIA Corporation\PhysX\Common;C:\Program Files (x86)\Windows Kits\8.1\Windows Performance Toolkit\;C:\Program Files\Microsoft SQL Server\110\Tools\Binn\;C:\Program Files (x86)\Skype\Phone\;D:\Program Files\New Folder\;D:\Program Files\mat\runtime\win64;D:\Program Files\mat\bin;D:\Program Files\mat\polyspace\bin;C:\Program Files\Microsoft SQL Server\Client SDK\ODBC\110\Tools\Binn\;C:\Program Files (x86)\Microsoft SQL Server\120\Tools\Binn\;C:\Program Files\Microsoft SQL Server\120\Tools\Binn\;C:\Program Files\Microsoft SQL Server\120\DTS\Binn\;C:\Program Files (x86)\Microsoft SQL Server\120\Tools\Binn\ManagementStudio\;C:\Program Files (x86)\Microsoft SQL Server\120\DTS\Binn\;D:\Program Files\doxygen\bin;C:\Users\Brom\AppData\Local\Programs\Python\Python35-32\Scripts\;C:\Users\Brom\AppData\Local\Programs\Python\Python35-32\
USERNAME=Brom
OS=Windows_NT
PROCESSOR_IDENTIFIER=Intel64 Family 6 Model 58 Stepping 9, GenuineIntel



---------------  S Y S T E M  ---------------

OS: Windows 8.1 , 64 bit Build 9600 (6.3.9600.17415)

CPU:total 8 (4 cores per cpu, 2 threads per core) family 6 model 58 stepping 9, cmov, cx8, fxsr, mmx, sse, sse2, sse3, ssse3, sse4.1, sse4.2, popcnt, avx, aes, clmul, erms, ht, tsc, tscinvbit, tscinv

Memory: 4k page, physical 8199448k(1204712k free), swap 11345176k(10908k free)

vm_info: Java HotSpot(TM) 64-Bit Server VM (25.101-b13) for windows-amd64 JRE (1.8.0_101-b13), built on Jun 22 2016 01:21:29 by "java_re" with MS VC++ 10.0 (VS2010)

time: Sat Jan 07 03:01:03 2017
elapsed time: 2 seconds (0d 0h 0m 2s)

